{"/home/travis/build/npmtest/node-npmtest-codelyzer/test.js":{"path":"/home/travis/build/npmtest/node-npmtest-codelyzer/test.js","s":{"1":2,"2":2,"3":2,"4":2,"5":2,"6":2,"7":2,"8":1,"9":2,"10":2,"11":1,"12":1,"13":1,"14":1,"15":2,"16":2,"17":2,"18":2,"19":1,"20":1,"21":2,"22":2,"23":2,"24":1,"25":1,"26":1,"27":1,"28":1,"29":1,"30":1,"31":1,"32":1,"33":1,"34":1,"35":1,"36":1,"37":1,"38":1,"39":2,"40":2,"41":1,"42":2,"43":2,"44":1,"45":2,"46":2,"47":1,"48":2,"49":2,"50":1,"51":1,"52":1,"53":1,"54":1},"b":{"1":[2,1,1,1],"2":[1,1,1,1],"3":[1,1],"4":[1,1],"5":[1,1],"6":[1,1],"7":[1,1],"8":[1,1],"9":[1,1],"10":[1,1,1],"11":[1,1],"12":[1,1],"13":[1,1],"14":[1,1],"15":[1,1],"16":[1,1],"17":[1,1]},"f":{"1":2,"2":2,"3":2,"4":2,"5":2,"6":1,"7":1,"8":1,"9":2,"10":2,"11":2,"12":2,"13":1},"fnMap":{"1":{"name":"(anonymous_1)","line":12,"loc":{"start":{"line":12,"column":1},"end":{"line":12,"column":13}}},"2":{"name":"(anonymous_2)","line":19,"loc":{"start":{"line":19,"column":5},"end":{"line":19,"column":17}}},"3":{"name":"(anonymous_3)","line":23,"loc":{"start":{"line":23,"column":24},"end":{"line":23,"column":36}}},"4":{"name":"(anonymous_4)","line":61,"loc":{"start":{"line":61,"column":5},"end":{"line":61,"column":17}}},"5":{"name":"(anonymous_5)","line":82,"loc":{"start":{"line":82,"column":5},"end":{"line":82,"column":17}}},"6":{"name":"(anonymous_6)","line":91,"loc":{"start":{"line":91,"column":77},"end":{"line":94,"column":10}}},"7":{"name":"(anonymous_7)","line":112,"loc":{"start":{"line":112,"column":83},"end":{"line":115,"column":10}},"skip":true},"8":{"name":"(anonymous_8)","line":123,"loc":{"start":{"line":123,"column":77},"end":{"line":126,"column":10}},"skip":true},"9":{"name":"(anonymous_9)","line":139,"loc":{"start":{"line":139,"column":12},"end":{"line":139,"column":40}},"skip":true},"10":{"name":"(anonymous_10)","line":147,"loc":{"start":{"line":147,"column":77},"end":{"line":150,"column":10}},"skip":true},"11":{"name":"(anonymous_11)","line":158,"loc":{"start":{"line":158,"column":83},"end":{"line":161,"column":10}},"skip":true},"12":{"name":"(anonymous_12)","line":169,"loc":{"start":{"line":169,"column":79},"end":{"line":172,"column":10}},"skip":true},"13":{"name":"(anonymous_13)","line":180,"loc":{"start":{"line":180,"column":75},"end":{"line":183,"column":10}},"skip":true}},"statementMap":{"1":{"start":{"line":12,"column":0},"end":{"line":195,"column":5}},"2":{"start":{"line":14,"column":4},"end":{"line":14,"column":14}},"3":{"start":{"line":19,"column":4},"end":{"line":56,"column":9}},"4":{"start":{"line":21,"column":8},"end":{"line":21,"column":19}},"5":{"start":{"line":23,"column":8},"end":{"line":35,"column":13}},"6":{"start":{"line":24,"column":12},"end":{"line":34,"column":13}},"7":{"start":{"line":25,"column":16},"end":{"line":28,"column":30}},"8":{"start":{"line":30,"column":16},"end":{"line":33,"column":27}},"9":{"start":{"line":37,"column":8},"end":{"line":39,"column":21}},"10":{"start":{"line":40,"column":8},"end":{"line":53,"column":9}},"11":{"start":{"line":43,"column":12},"end":{"line":46,"column":14}},"12":{"start":{"line":47,"column":12},"end":{"line":47,"column":18}},"13":{"start":{"line":50,"column":12},"end":{"line":51,"column":46}},"14":{"start":{"line":52,"column":12},"end":{"line":52,"column":18}},"15":{"start":{"line":55,"column":8},"end":{"line":55,"column":35}},"16":{"start":{"line":61,"column":4},"end":{"line":63,"column":9}},"17":{"start":{"line":62,"column":8},"end":{"line":62,"column":15}},"18":{"start":{"line":64,"column":4},"end":{"line":77,"column":5}},"19":{"start":{"line":70,"column":8},"end":{"line":70,"column":14}},"20":{"start":{"line":76,"column":8},"end":{"line":76,"column":14}},"21":{"start":{"line":82,"column":4},"end":{"line":84,"column":9}},"22":{"start":{"line":83,"column":8},"end":{"line":83,"column":15}},"23":{"start":{"line":85,"column":4},"end":{"line":194,"column":5}},"24":{"start":{"line":91,"column":8},"end":{"line":99,"column":10}},"25":{"start":{"line":98,"column":12},"end":{"line":98,"column":35}},"26":{"start":{"line":102,"column":8},"end":{"line":104,"column":63}},"27":{"start":{"line":105,"column":8},"end":{"line":105,"column":14}},"28":{"start":{"line":112,"column":8},"end":{"line":121,"column":10},"skip":true},"29":{"start":{"line":119,"column":12},"end":{"line":119,"column":55},"skip":true},"30":{"start":{"line":120,"column":12},"end":{"line":120,"column":48},"skip":true},"31":{"start":{"line":123,"column":8},"end":{"line":136,"column":10},"skip":true},"32":{"start":{"line":130,"column":12},"end":{"line":130,"column":76},"skip":true},"33":{"start":{"line":131,"column":12},"end":{"line":131,"column":73},"skip":true},"34":{"start":{"line":132,"column":12},"end":{"line":132,"column":74},"skip":true},"35":{"start":{"line":133,"column":12},"end":{"line":133,"column":79},"skip":true},"36":{"start":{"line":134,"column":12},"end":{"line":134,"column":25},"skip":true},"37":{"start":{"line":135,"column":12},"end":{"line":135,"column":45},"skip":true},"38":{"start":{"line":138,"column":8},"end":{"line":145,"column":14},"skip":true},"39":{"start":{"line":143,"column":16},"end":{"line":143,"column":29},"skip":true},"40":{"start":{"line":144,"column":16},"end":{"line":144,"column":55},"skip":true},"41":{"start":{"line":147,"column":8},"end":{"line":156,"column":10},"skip":true},"42":{"start":{"line":154,"column":12},"end":{"line":154,"column":25},"skip":true},"43":{"start":{"line":155,"column":12},"end":{"line":155,"column":45},"skip":true},"44":{"start":{"line":158,"column":8},"end":{"line":167,"column":10},"skip":true},"45":{"start":{"line":165,"column":12},"end":{"line":165,"column":25},"skip":true},"46":{"start":{"line":166,"column":12},"end":{"line":166,"column":48},"skip":true},"47":{"start":{"line":169,"column":8},"end":{"line":178,"column":10},"skip":true},"48":{"start":{"line":176,"column":12},"end":{"line":176,"column":25},"skip":true},"49":{"start":{"line":177,"column":12},"end":{"line":177,"column":46},"skip":true},"50":{"start":{"line":180,"column":8},"end":{"line":189,"column":10},"skip":true},"51":{"start":{"line":187,"column":12},"end":{"line":187,"column":94},"skip":true},"52":{"start":{"line":188,"column":12},"end":{"line":188,"column":48},"skip":true},"53":{"start":{"line":192,"column":8},"end":{"line":192,"column":35},"skip":true},"54":{"start":{"line":193,"column":8},"end":{"line":193,"column":14},"skip":true}},"branchMap":{"1":{"line":25,"type":"binary-expr","locations":[{"start":{"line":25,"column":23},"end":{"line":25,"column":62}},{"start":{"line":26,"column":20},"end":{"line":26,"column":70}},{"start":{"line":27,"column":20},"end":{"line":27,"column":71}},{"start":{"line":28,"column":20},"end":{"line":28,"column":29}}]},"2":{"line":30,"type":"binary-expr","locations":[{"start":{"line":30,"column":23},"end":{"line":30,"column":37}},{"start":{"line":31,"column":20},"end":{"line":31,"column":61}},{"start":{"line":32,"column":20},"end":{"line":32,"column":70}},{"start":{"line":33,"column":20},"end":{"line":33,"column":26}}]},"3":{"line":37,"type":"cond-expr","locations":[{"start":{"line":38,"column":14},"end":{"line":38,"column":20}},{"start":{"line":39,"column":14},"end":{"line":39,"column":20}}]},"4":{"line":40,"type":"switch","locations":[{"start":{"line":42,"column":8},"end":{"line":47,"column":18}},{"start":{"line":49,"column":8},"end":{"line":52,"column":18}}]},"5":{"line":44,"type":"binary-expr","locations":[{"start":{"line":44,"column":16},"end":{"line":44,"column":44}},{"start":{"line":44,"column":48},"end":{"line":44,"column":66}}]},"6":{"line":50,"type":"binary-expr","locations":[{"start":{"line":50,"column":21},"end":{"line":50,"column":49}},{"start":{"line":50,"column":53},"end":{"line":50,"column":72}}]},"7":{"line":64,"type":"switch","locations":[{"start":{"line":69,"column":4},"end":{"line":70,"column":14}},{"start":{"line":75,"column":4},"end":{"line":76,"column":14}}]},"8":{"line":85,"type":"switch","locations":[{"start":{"line":90,"column":4},"end":{"line":105,"column":14}},{"start":{"line":111,"column":4},"end":{"line":193,"column":14},"skip":true}]},"9":{"line":91,"type":"binary-expr","locations":[{"start":{"line":91,"column":42},"end":{"line":91,"column":73}},{"start":{"line":91,"column":77},"end":{"line":99,"column":9}}]},"10":{"line":102,"type":"binary-expr","locations":[{"start":{"line":102,"column":18},"end":{"line":102,"column":32}},{"start":{"line":103,"column":12},"end":{"line":103,"column":53}},{"start":{"line":104,"column":12},"end":{"line":104,"column":61}}]},"11":{"line":112,"type":"binary-expr","locations":[{"start":{"line":112,"column":45},"end":{"line":112,"column":79},"skip":true},{"start":{"line":112,"column":83},"end":{"line":121,"column":9},"skip":true}]},"12":{"line":123,"type":"binary-expr","locations":[{"start":{"line":123,"column":42},"end":{"line":123,"column":73},"skip":true},{"start":{"line":123,"column":77},"end":{"line":136,"column":9},"skip":true}]},"13":{"line":138,"type":"binary-expr","locations":[{"start":{"line":138,"column":48},"end":{"line":138,"column":85},"skip":true},{"start":{"line":139,"column":12},"end":{"line":145,"column":13},"skip":true}]},"14":{"line":147,"type":"binary-expr","locations":[{"start":{"line":147,"column":42},"end":{"line":147,"column":73},"skip":true},{"start":{"line":147,"column":77},"end":{"line":156,"column":9},"skip":true}]},"15":{"line":158,"type":"binary-expr","locations":[{"start":{"line":158,"column":45},"end":{"line":158,"column":79},"skip":true},{"start":{"line":158,"column":83},"end":{"line":167,"column":9},"skip":true}]},"16":{"line":169,"type":"binary-expr","locations":[{"start":{"line":169,"column":43},"end":{"line":169,"column":75},"skip":true},{"start":{"line":169,"column":79},"end":{"line":178,"column":9},"skip":true}]},"17":{"line":180,"type":"binary-expr","locations":[{"start":{"line":180,"column":41},"end":{"line":180,"column":71},"skip":true},{"start":{"line":180,"column":75},"end":{"line":189,"column":9},"skip":true}]}},"code":["/* istanbul instrument in package npmtest_codelyzer */","/*jslint","    bitwise: true,","    browser: true,","    maxerr: 8,","    maxlen: 96,","    node: true,","    nomen: true,","    regexp: true,","    stupid: true","*/","(function () {","    'use strict';","    var local;","","","","    // run shared js-env code - pre-init","    (function () {","        // init local","        local = {};","        // init modeJs","        local.modeJs = (function () {","            try {","                return typeof navigator.userAgent === 'string' &&","                    typeof document.querySelector('body') === 'object' &&","                    typeof XMLHttpRequest.prototype.open === 'function' &&","                    'browser';","            } catch (errorCaughtBrowser) {","                return module.exports &&","                    typeof process.versions.node === 'string' &&","                    typeof require('http').createServer === 'function' &&","                    'node';","            }","        }());","        // init global","        local.global = local.modeJs === 'browser'","            ? window","            : global;","        switch (local.modeJs) {","        // re-init local from window.local","        case 'browser':","            local = local.global.utility2.objectSetDefault(","                local.global.utility2_rollup || local.global.local,","                local.global.utility2","            );","            break;","        // re-init local from example.js","        case 'node':","            local = (local.global.utility2_rollup || require('utility2'))","                .requireExampleJsFromReadme();","            break;","        }","        // export local","        local.global.local = local;","    }());","","","","    // run shared js-env code - function","    (function () {","        return;","    }());","    switch (local.modeJs) {","","","","    // run browser js-env code - function","    case 'browser':","        break;","","","","    // run node js-env code - function","    case 'node':","        break;","    }","","","","    // run shared js-env code - post-init","    (function () {","        return;","    }());","    switch (local.modeJs) {","","","","    // run browser js-env code - post-init","    case 'browser':","        local.testCase_browser_nullCase = local.testCase_browser_nullCase || function (","            options,","            onError","        ) {","        /*","         * this function will test browsers's null-case handling-behavior-behavior","         */","            onError(null, options);","        };","","        // run tests","        local.nop(local.modeTest &&","            document.querySelector('#testRunButton1') &&","            document.querySelector('#testRunButton1').click());","        break;","","","","    // run node js-env code - post-init","    /* istanbul ignore next */","    case 'node':","        local.testCase_buildApidoc_default = local.testCase_buildApidoc_default || function (","            options,","            onError","        ) {","        /*","         * this function will test buildApidoc's default handling-behavior-behavior","         */","            options = { modulePathList: module.paths };","            local.buildApidoc(options, onError);","        };","","        local.testCase_buildApp_default = local.testCase_buildApp_default || function (","            options,","            onError","        ) {","        /*","         * this function will test buildApp's default handling-behavior-behavior","         */","            local.testCase_buildReadme_default(options, local.onErrorThrow);","            local.testCase_buildLib_default(options, local.onErrorThrow);","            local.testCase_buildTest_default(options, local.onErrorThrow);","            local.testCase_buildCustomOrg_default(options, local.onErrorThrow);","            options = [];","            local.buildApp(options, onError);","        };","","        local.testCase_buildCustomOrg_default = local.testCase_buildCustomOrg_default ||","            function (options, onError) {","            /*","             * this function will test buildCustomOrg's default handling-behavior","             */","                options = {};","                local.buildCustomOrg(options, onError);","            };","","        local.testCase_buildLib_default = local.testCase_buildLib_default || function (","            options,","            onError","        ) {","        /*","         * this function will test buildLib's default handling-behavior","         */","            options = {};","            local.buildLib(options, onError);","        };","","        local.testCase_buildReadme_default = local.testCase_buildReadme_default || function (","            options,","            onError","        ) {","        /*","         * this function will test buildReadme's default handling-behavior-behavior","         */","            options = {};","            local.buildReadme(options, onError);","        };","","        local.testCase_buildTest_default = local.testCase_buildTest_default || function (","            options,","            onError","        ) {","        /*","         * this function will test buildTest's default handling-behavior","         */","            options = {};","            local.buildTest(options, onError);","        };","","        local.testCase_webpage_default = local.testCase_webpage_default || function (","            options,","            onError","        ) {","        /*","         * this function will test webpage's default handling-behavior","         */","            options = { modeCoverageMerge: true, url: local.serverLocalHost + '?modeTest=1' };","            local.browserTest(options, onError);","        };","","        // run test-server","        local.testRunServer(local);","        break;","    }","}());",""],"l":{"12":2,"14":2,"19":2,"21":2,"23":2,"24":2,"25":2,"30":1,"37":2,"40":2,"43":1,"47":1,"50":1,"52":1,"55":2,"61":2,"62":2,"64":2,"70":1,"76":1,"82":2,"83":2,"85":2,"91":1,"98":1,"102":1,"105":1,"112":1,"119":1,"120":1,"123":1,"130":1,"131":1,"132":1,"133":1,"134":1,"135":1,"138":1,"143":2,"144":2,"147":1,"154":2,"155":2,"158":1,"165":2,"166":2,"169":1,"176":2,"177":2,"180":1,"187":1,"188":1,"192":1,"193":1}},"/home/travis/build/npmtest/node-npmtest-codelyzer/lib.npmtest_codelyzer.js":{"path":"/home/travis/build/npmtest/node-npmtest-codelyzer/lib.npmtest_codelyzer.js","s":{"1":2,"2":2,"3":2,"4":2,"5":2,"6":2,"7":2,"8":1,"9":2,"10":2,"11":2,"12":2,"13":1,"14":1,"15":1,"16":1},"b":{"1":[2,1,1,1],"2":[1,1,1,1],"3":[1,1],"4":[2,2],"5":[1,1]},"f":{"1":2,"2":2,"3":2},"fnMap":{"1":{"name":"(anonymous_1)","line":12,"loc":{"start":{"line":12,"column":1},"end":{"line":12,"column":13}}},"2":{"name":"(anonymous_2)","line":19,"loc":{"start":{"line":19,"column":5},"end":{"line":19,"column":17}}},"3":{"name":"(anonymous_3)","line":23,"loc":{"start":{"line":23,"column":24},"end":{"line":23,"column":36}}}},"statementMap":{"1":{"start":{"line":12,"column":0},"end":{"line":53,"column":5}},"2":{"start":{"line":14,"column":4},"end":{"line":14,"column":14}},"3":{"start":{"line":19,"column":4},"end":{"line":52,"column":9}},"4":{"start":{"line":21,"column":8},"end":{"line":21,"column":19}},"5":{"start":{"line":23,"column":8},"end":{"line":35,"column":13}},"6":{"start":{"line":24,"column":12},"end":{"line":34,"column":13}},"7":{"start":{"line":25,"column":16},"end":{"line":28,"column":30}},"8":{"start":{"line":30,"column":16},"end":{"line":33,"column":27}},"9":{"start":{"line":37,"column":8},"end":{"line":39,"column":21}},"10":{"start":{"line":41,"column":8},"end":{"line":41,"column":54}},"11":{"start":{"line":43,"column":8},"end":{"line":43,"column":54}},"12":{"start":{"line":45,"column":8},"end":{"line":51,"column":9}},"13":{"start":{"line":46,"column":12},"end":{"line":46,"column":60}},"14":{"start":{"line":48,"column":12},"end":{"line":48,"column":35}},"15":{"start":{"line":49,"column":12},"end":{"line":49,"column":49}},"16":{"start":{"line":50,"column":12},"end":{"line":50,"column":43}}},"branchMap":{"1":{"line":25,"type":"binary-expr","locations":[{"start":{"line":25,"column":23},"end":{"line":25,"column":62}},{"start":{"line":26,"column":20},"end":{"line":26,"column":70}},{"start":{"line":27,"column":20},"end":{"line":27,"column":71}},{"start":{"line":28,"column":20},"end":{"line":28,"column":29}}]},"2":{"line":30,"type":"binary-expr","locations":[{"start":{"line":30,"column":23},"end":{"line":30,"column":37}},{"start":{"line":31,"column":20},"end":{"line":31,"column":61}},{"start":{"line":32,"column":20},"end":{"line":32,"column":70}},{"start":{"line":33,"column":20},"end":{"line":33,"column":26}}]},"3":{"line":37,"type":"cond-expr","locations":[{"start":{"line":38,"column":14},"end":{"line":38,"column":20}},{"start":{"line":39,"column":14},"end":{"line":39,"column":20}}]},"4":{"line":41,"type":"binary-expr","locations":[{"start":{"line":41,"column":16},"end":{"line":41,"column":44}},{"start":{"line":41,"column":48},"end":{"line":41,"column":53}}]},"5":{"line":45,"type":"if","locations":[{"start":{"line":45,"column":8},"end":{"line":45,"column":8}},{"start":{"line":45,"column":8},"end":{"line":45,"column":8}}]}},"code":["/* istanbul instrument in package npmtest_codelyzer */","/*jslint","    bitwise: true,","    browser: true,","    maxerr: 8,","    maxlen: 96,","    node: true,","    nomen: true,","    regexp: true,","    stupid: true","*/","(function () {","    'use strict';","    var local;","","","","    // run shared js-env code - pre-init","    (function () {","        // init local","        local = {};","        // init modeJs","        local.modeJs = (function () {","            try {","                return typeof navigator.userAgent === 'string' &&","                    typeof document.querySelector('body') === 'object' &&","                    typeof XMLHttpRequest.prototype.open === 'function' &&","                    'browser';","            } catch (errorCaughtBrowser) {","                return module.exports &&","                    typeof process.versions.node === 'string' &&","                    typeof require('http').createServer === 'function' &&","                    'node';","            }","        }());","        // init global","        local.global = local.modeJs === 'browser'","            ? window","            : global;","        // init utility2_rollup","        local = local.global.utility2_rollup || local;","        // init lib","        local.local = local.npmtest_codelyzer = local;","        // init exports","        if (local.modeJs === 'browser') {","            local.global.utility2_npmtest_codelyzer = local;","        } else {","            module.exports = local;","            module.exports.__dirname = __dirname;","            module.exports.module = module;","        }","    }());","}());",""],"l":{"12":2,"14":2,"19":2,"21":2,"23":2,"24":2,"25":2,"30":1,"37":2,"41":2,"43":2,"45":2,"46":1,"48":1,"49":1,"50":1}},"/home/travis/build/npmtest/node-npmtest-codelyzer/example.js":{"path":"/home/travis/build/npmtest/node-npmtest-codelyzer/example.js","s":{"1":2,"2":2,"3":2,"4":2,"5":2,"6":2,"7":2,"8":1,"9":2,"10":2,"11":2,"12":2,"13":1,"14":2,"15":2,"16":2,"17":2,"18":2,"19":0,"20":2,"21":1,"22":1,"23":1,"24":1,"25":1,"26":0,"27":0,"28":1,"29":1,"30":2,"31":0,"32":0,"33":0,"34":1,"35":2,"36":2,"37":3,"38":3,"39":3,"40":3,"41":0,"42":3,"43":3,"44":3,"45":1,"46":3,"47":1,"48":1,"49":1,"50":1,"51":1,"52":1,"53":1,"54":1,"55":1,"56":1,"57":0,"58":1,"59":6,"60":6,"61":1,"62":2,"63":0,"64":2,"65":1,"66":1,"67":0,"68":0,"69":0,"70":0,"71":0,"72":0,"73":0,"74":0,"75":0,"76":0,"77":0,"78":0,"79":0,"80":0,"81":0,"82":0,"83":0},"b":{"1":[2,1,1,1],"2":[1,1,1,1],"3":[1,1],"4":[2,2],"5":[1,1],"6":[1,1],"7":[2,0],"8":[2,1,1,1,1,1],"9":[0,2,0],"10":[1,1],"11":[2,1,1],"12":[1,0],"13":[0,2],"14":[2,0,0,0,0,0,0],"15":[0,3],"16":[3,0],"17":[1,1],"18":[0,1],"19":[1,2,0,2],"20":[1,0],"21":[1,1],"22":[0,0],"23":[0,0],"24":[0,0],"25":[0,0],"26":[0,0],"27":[0,0],"28":[0,0]},"f":{"1":2,"2":2,"3":2,"4":2,"5":2,"6":2,"7":3,"8":3,"9":3,"10":1,"11":6,"12":0},"fnMap":{"1":{"name":"(anonymous_1)","line":26,"loc":{"start":{"line":26,"column":1},"end":{"line":26,"column":13}}},"2":{"name":"(anonymous_2)","line":33,"loc":{"start":{"line":33,"column":5},"end":{"line":33,"column":17}}},"3":{"name":"(anonymous_3)","line":37,"loc":{"start":{"line":37,"column":24},"end":{"line":37,"column":36}}},"4":{"name":"(anonymous_4)","line":69,"loc":{"start":{"line":69,"column":31},"end":{"line":69,"column":48}},"skip":true},"5":{"name":"(anonymous_5)","line":78,"loc":{"start":{"line":78,"column":26},"end":{"line":78,"column":45}},"skip":true},"6":{"name":"(anonymous_6)","line":123,"loc":{"start":{"line":123,"column":33},"end":{"line":123,"column":48}},"skip":true},"7":{"name":"(anonymous_7)","line":125,"loc":{"start":{"line":125,"column":27},"end":{"line":125,"column":39}},"skip":true},"8":{"name":"(anonymous_8)","line":133,"loc":{"start":{"line":133,"column":59},"end":{"line":133,"column":74}},"skip":true},"9":{"name":"(anonymous_9)","line":143,"loc":{"start":{"line":143,"column":45},"end":{"line":143,"column":62}},"skip":true},"10":{"name":"(anonymous_10)","line":144,"loc":{"start":{"line":144,"column":73},"end":{"line":144,"column":92}},"skip":true},"11":{"name":"(anonymous_11)","line":272,"loc":{"start":{"line":272,"column":51},"end":{"line":272,"column":77}},"skip":true},"12":{"name":"(anonymous_12)","line":315,"loc":{"start":{"line":315,"column":32},"end":{"line":315,"column":61}},"skip":true}},"statementMap":{"1":{"start":{"line":26,"column":0},"end":{"line":326,"column":5}},"2":{"start":{"line":28,"column":4},"end":{"line":28,"column":14}},"3":{"start":{"line":33,"column":4},"end":{"line":60,"column":9}},"4":{"start":{"line":35,"column":8},"end":{"line":35,"column":19}},"5":{"start":{"line":37,"column":8},"end":{"line":49,"column":13}},"6":{"start":{"line":38,"column":12},"end":{"line":48,"column":13}},"7":{"start":{"line":39,"column":16},"end":{"line":42,"column":30}},"8":{"start":{"line":44,"column":16},"end":{"line":47,"column":27}},"9":{"start":{"line":51,"column":8},"end":{"line":53,"column":21}},"10":{"start":{"line":55,"column":8},"end":{"line":57,"column":45}},"11":{"start":{"line":59,"column":8},"end":{"line":59,"column":35}},"12":{"start":{"line":61,"column":4},"end":{"line":325,"column":5}},"13":{"start":{"line":69,"column":8},"end":{"line":121,"column":10},"skip":true},"14":{"start":{"line":70,"column":12},"end":{"line":88,"column":13},"skip":true},"15":{"start":{"line":76,"column":16},"end":{"line":87,"column":19},"skip":true},"16":{"start":{"line":79,"column":20},"end":{"line":86,"column":21},"skip":true},"17":{"start":{"line":82,"column":24},"end":{"line":82,"column":43},"skip":true},"18":{"start":{"line":83,"column":24},"end":{"line":83,"column":30},"skip":true},"19":{"start":{"line":85,"column":24},"end":{"line":85,"column":49},"skip":true},"20":{"start":{"line":89,"column":12},"end":{"line":107,"column":13},"skip":true},"21":{"start":{"line":92,"column":16},"end":{"line":102,"column":17},"skip":true},"22":{"start":{"line":93,"column":20},"end":{"line":93,"column":86},"skip":true},"23":{"start":{"line":94,"column":20},"end":{"line":95,"column":45},"skip":true},"24":{"start":{"line":96,"column":20},"end":{"line":96,"column":42},"skip":true},"25":{"start":{"line":97,"column":20},"end":{"line":97,"column":48},"skip":true},"26":{"start":{"line":100,"column":20},"end":{"line":100,"column":85},"skip":true},"27":{"start":{"line":101,"column":20},"end":{"line":101,"column":96},"skip":true},"28":{"start":{"line":103,"column":16},"end":{"line":103,"column":22},"skip":true},"29":{"start":{"line":106,"column":16},"end":{"line":106,"column":22},"skip":true},"30":{"start":{"line":108,"column":12},"end":{"line":120,"column":13},"skip":true},"31":{"start":{"line":114,"column":16},"end":{"line":119,"column":17},"skip":true},"32":{"start":{"line":116,"column":20},"end":{"line":116,"column":78},"skip":true},"33":{"start":{"line":118,"column":20},"end":{"line":118,"column":47},"skip":true},"34":{"start":{"line":123,"column":8},"end":{"line":141,"column":11},"skip":true},"35":{"start":{"line":124,"column":12},"end":{"line":124,"column":54},"skip":true},"36":{"start":{"line":125,"column":12},"end":{"line":140,"column":14},"skip":true},"37":{"start":{"line":126,"column":16},"end":{"line":126,"column":28},"skip":true},"38":{"start":{"line":127,"column":16},"end":{"line":127,"column":69},"skip":true},"39":{"start":{"line":128,"column":16},"end":{"line":128,"column":75},"skip":true},"40":{"start":{"line":129,"column":16},"end":{"line":131,"column":17},"skip":true},"41":{"start":{"line":130,"column":20},"end":{"line":130,"column":27},"skip":true},"42":{"start":{"line":133,"column":16},"end":{"line":137,"column":36},"skip":true},"43":{"start":{"line":134,"column":20},"end":{"line":136,"column":55},"skip":true},"44":{"start":{"line":139,"column":16},"end":{"line":139,"column":57},"skip":true},"45":{"start":{"line":143,"column":8},"end":{"line":147,"column":11},"skip":true},"46":{"start":{"line":144,"column":12},"end":{"line":146,"column":15},"skip":true},"47":{"start":{"line":145,"column":16},"end":{"line":145,"column":70},"skip":true},"48":{"start":{"line":149,"column":8},"end":{"line":149,"column":31},"skip":true},"49":{"start":{"line":150,"column":8},"end":{"line":150,"column":14},"skip":true},"50":{"start":{"line":158,"column":8},"end":{"line":158,"column":31},"skip":true},"51":{"start":{"line":160,"column":8},"end":{"line":160,"column":33},"skip":true},"52":{"start":{"line":161,"column":8},"end":{"line":161,"column":37},"skip":true},"53":{"start":{"line":162,"column":8},"end":{"line":162,"column":35},"skip":true},"54":{"start":{"line":164,"column":8},"end":{"line":164,"column":50},"skip":true},"55":{"start":{"line":166,"column":8},"end":{"line":256,"column":2},"skip":true},"56":{"start":{"line":258,"column":8},"end":{"line":286,"column":9},"skip":true},"57":{"start":{"line":259,"column":12},"end":{"line":269,"column":14},"skip":true},"58":{"start":{"line":271,"column":12},"end":{"line":285,"column":19},"skip":true},"59":{"start":{"line":274,"column":20},"end":{"line":274,"column":35},"skip":true},"60":{"start":{"line":275,"column":20},"end":{"line":284,"column":21},"skip":true},"61":{"start":{"line":277,"column":24},"end":{"line":277,"column":64},"skip":true},"62":{"start":{"line":279,"column":24},"end":{"line":279,"column":40},"skip":true},"63":{"start":{"line":281,"column":24},"end":{"line":281,"column":40},"skip":true},"64":{"start":{"line":283,"column":24},"end":{"line":283,"column":39},"skip":true},"65":{"start":{"line":288,"column":8},"end":{"line":290,"column":9},"skip":true},"66":{"start":{"line":289,"column":12},"end":{"line":289,"column":18},"skip":true},"67":{"start":{"line":291,"column":8},"end":{"line":293,"column":54},"skip":true},"68":{"start":{"line":296,"column":8},"end":{"line":301,"column":37},"skip":true},"69":{"start":{"line":303,"column":8},"end":{"line":303,"column":82},"skip":true},"70":{"start":{"line":306,"column":8},"end":{"line":308,"column":9},"skip":true},"71":{"start":{"line":307,"column":12},"end":{"line":307,"column":82},"skip":true},"72":{"start":{"line":310,"column":8},"end":{"line":312,"column":9},"skip":true},"73":{"start":{"line":311,"column":12},"end":{"line":311,"column":18},"skip":true},"74":{"start":{"line":313,"column":8},"end":{"line":313,"column":54},"skip":true},"75":{"start":{"line":314,"column":8},"end":{"line":314,"column":69},"skip":true},"76":{"start":{"line":315,"column":8},"end":{"line":323,"column":36},"skip":true},"77":{"start":{"line":316,"column":12},"end":{"line":316,"column":61},"skip":true},"78":{"start":{"line":317,"column":12},"end":{"line":320,"column":13},"skip":true},"79":{"start":{"line":318,"column":16},"end":{"line":318,"column":75},"skip":true},"80":{"start":{"line":319,"column":16},"end":{"line":319,"column":23},"skip":true},"81":{"start":{"line":321,"column":12},"end":{"line":321,"column":38},"skip":true},"82":{"start":{"line":322,"column":12},"end":{"line":322,"column":27},"skip":true},"83":{"start":{"line":324,"column":8},"end":{"line":324,"column":14},"skip":true}},"branchMap":{"1":{"line":39,"type":"binary-expr","locations":[{"start":{"line":39,"column":23},"end":{"line":39,"column":62}},{"start":{"line":40,"column":20},"end":{"line":40,"column":70}},{"start":{"line":41,"column":20},"end":{"line":41,"column":71}},{"start":{"line":42,"column":20},"end":{"line":42,"column":29}}]},"2":{"line":44,"type":"binary-expr","locations":[{"start":{"line":44,"column":23},"end":{"line":44,"column":37}},{"start":{"line":45,"column":20},"end":{"line":45,"column":61}},{"start":{"line":46,"column":20},"end":{"line":46,"column":70}},{"start":{"line":47,"column":20},"end":{"line":47,"column":26}}]},"3":{"line":51,"type":"cond-expr","locations":[{"start":{"line":52,"column":14},"end":{"line":52,"column":20}},{"start":{"line":53,"column":14},"end":{"line":53,"column":20}}]},"4":{"line":55,"type":"binary-expr","locations":[{"start":{"line":55,"column":16},"end":{"line":55,"column":44}},{"start":{"line":55,"column":49},"end":{"line":57,"column":43}}]},"5":{"line":55,"type":"cond-expr","locations":[{"start":{"line":56,"column":14},"end":{"line":56,"column":53}},{"start":{"line":57,"column":14},"end":{"line":57,"column":43}}]},"6":{"line":61,"type":"switch","locations":[{"start":{"line":68,"column":4},"end":{"line":150,"column":14},"skip":true},{"start":{"line":156,"column":4},"end":{"line":324,"column":14},"skip":true}]},"7":{"line":70,"type":"if","locations":[{"start":{"line":70,"column":12},"end":{"line":70,"column":12},"skip":true},{"start":{"line":70,"column":12},"end":{"line":70,"column":12},"skip":true}]},"8":{"line":70,"type":"binary-expr","locations":[{"start":{"line":70,"column":16},"end":{"line":70,"column":22},"skip":true},{"start":{"line":70,"column":27},"end":{"line":70,"column":32},"skip":true},{"start":{"line":71,"column":20},"end":{"line":71,"column":39},"skip":true},{"start":{"line":72,"column":20},"end":{"line":72,"column":49},"skip":true},{"start":{"line":73,"column":20},"end":{"line":73,"column":58},"skip":true},{"start":{"line":74,"column":20},"end":{"line":74,"column":69},"skip":true}]},"9":{"line":79,"type":"switch","locations":[{"start":{"line":80,"column":20},"end":{"line":80,"column":33},"skip":true},{"start":{"line":81,"column":20},"end":{"line":83,"column":30},"skip":true},{"start":{"line":84,"column":20},"end":{"line":85,"column":49},"skip":true}]},"10":{"line":89,"type":"switch","locations":[{"start":{"line":90,"column":12},"end":{"line":103,"column":22},"skip":true},{"start":{"line":105,"column":12},"end":{"line":106,"column":22},"skip":true}]},"11":{"line":89,"type":"binary-expr","locations":[{"start":{"line":89,"column":20},"end":{"line":89,"column":25},"skip":true},{"start":{"line":89,"column":29},"end":{"line":89,"column":48},"skip":true},{"start":{"line":89,"column":52},"end":{"line":89,"column":74},"skip":true}]},"12":{"line":92,"type":"if","locations":[{"start":{"line":92,"column":16},"end":{"line":92,"column":16},"skip":true},{"start":{"line":92,"column":16},"end":{"line":92,"column":16},"skip":true}]},"13":{"line":108,"type":"if","locations":[{"start":{"line":108,"column":12},"end":{"line":108,"column":12},"skip":true},{"start":{"line":108,"column":12},"end":{"line":108,"column":12},"skip":true}]},"14":{"line":108,"type":"binary-expr","locations":[{"start":{"line":108,"column":16},"end":{"line":108,"column":61},"skip":true},{"start":{"line":108,"column":66},"end":{"line":108,"column":72},"skip":true},{"start":{"line":108,"column":77},"end":{"line":108,"column":82},"skip":true},{"start":{"line":109,"column":20},"end":{"line":109,"column":39},"skip":true},{"start":{"line":110,"column":20},"end":{"line":110,"column":49},"skip":true},{"start":{"line":111,"column":20},"end":{"line":111,"column":58},"skip":true},{"start":{"line":112,"column":20},"end":{"line":112,"column":68},"skip":true}]},"15":{"line":129,"type":"if","locations":[{"start":{"line":129,"column":16},"end":{"line":129,"column":16},"skip":true},{"start":{"line":129,"column":16},"end":{"line":129,"column":16},"skip":true}]},"16":{"line":134,"type":"cond-expr","locations":[{"start":{"line":135,"column":26},"end":{"line":135,"column":29},"skip":true},{"start":{"line":136,"column":26},"end":{"line":136,"column":54},"skip":true}]},"17":{"line":164,"type":"binary-expr","locations":[{"start":{"line":164,"column":27},"end":{"line":164,"column":43},"skip":true},{"start":{"line":164,"column":47},"end":{"line":164,"column":49},"skip":true}]},"18":{"line":258,"type":"if","locations":[{"start":{"line":258,"column":8},"end":{"line":258,"column":8},"skip":true},{"start":{"line":258,"column":8},"end":{"line":258,"column":8},"skip":true}]},"19":{"line":275,"type":"switch","locations":[{"start":{"line":276,"column":20},"end":{"line":277,"column":64},"skip":true},{"start":{"line":278,"column":20},"end":{"line":279,"column":40},"skip":true},{"start":{"line":280,"column":20},"end":{"line":281,"column":40},"skip":true},{"start":{"line":282,"column":20},"end":{"line":283,"column":39},"skip":true}]},"20":{"line":288,"type":"if","locations":[{"start":{"line":288,"column":8},"end":{"line":288,"column":8},"skip":true},{"start":{"line":288,"column":8},"end":{"line":288,"column":8},"skip":true}]},"21":{"line":288,"type":"binary-expr","locations":[{"start":{"line":288,"column":12},"end":{"line":288,"column":40},"skip":true},{"start":{"line":288,"column":44},"end":{"line":288,"column":67},"skip":true}]},"22":{"line":292,"type":"binary-expr","locations":[{"start":{"line":292,"column":12},"end":{"line":292,"column":50},"skip":true},{"start":{"line":293,"column":12},"end":{"line":293,"column":53},"skip":true}]},"23":{"line":297,"type":"binary-expr","locations":[{"start":{"line":297,"column":12},"end":{"line":297,"column":67},"skip":true},{"start":{"line":298,"column":12},"end":{"line":301,"column":36},"skip":true}]},"24":{"line":303,"type":"binary-expr","locations":[{"start":{"line":303,"column":43},"end":{"line":303,"column":75},"skip":true},{"start":{"line":303,"column":79},"end":{"line":303,"column":81},"skip":true}]},"25":{"line":306,"type":"if","locations":[{"start":{"line":306,"column":8},"end":{"line":306,"column":8},"skip":true},{"start":{"line":306,"column":8},"end":{"line":306,"column":8},"skip":true}]},"26":{"line":310,"type":"if","locations":[{"start":{"line":310,"column":8},"end":{"line":310,"column":8},"skip":true},{"start":{"line":310,"column":8},"end":{"line":310,"column":8},"skip":true}]},"27":{"line":313,"type":"binary-expr","locations":[{"start":{"line":313,"column":27},"end":{"line":313,"column":43},"skip":true},{"start":{"line":313,"column":47},"end":{"line":313,"column":53},"skip":true}]},"28":{"line":317,"type":"if","locations":[{"start":{"line":317,"column":12},"end":{"line":317,"column":12},"skip":true},{"start":{"line":317,"column":12},"end":{"line":317,"column":12},"skip":true}]}},"code":["/*","example.js","","quickstart example","","instruction","    1. save this script as example.js","    2. run the shell command:","        $ npm install npmtest-codelyzer && PORT=8081 node example.js","    3. play with the browser-demo on http://127.0.0.1:8081","*/","","","","/* istanbul instrument in package npmtest_codelyzer */","/*jslint","    bitwise: true,","    browser: true,","    maxerr: 8,","    maxlen: 96,","    node: true,","    nomen: true,","    regexp: true,","    stupid: true","*/","(function () {","    'use strict';","    var local;","","","","    // run shared js-env code - pre-init","    (function () {","        // init local","        local = {};","        // init modeJs","        local.modeJs = (function () {","            try {","                return typeof navigator.userAgent === 'string' &&","                    typeof document.querySelector('body') === 'object' &&","                    typeof XMLHttpRequest.prototype.open === 'function' &&","                    'browser';","            } catch (errorCaughtBrowser) {","                return module.exports &&","                    typeof process.versions.node === 'string' &&","                    typeof require('http').createServer === 'function' &&","                    'node';","            }","        }());","        // init global","        local.global = local.modeJs === 'browser'","            ? window","            : global;","        // init utility2_rollup","        local = local.global.utility2_rollup || (local.modeJs === 'browser'","            ? local.global.utility2_npmtest_codelyzer","            : global.utility2_moduleExports);","        // export local","        local.global.local = local;","    }());","    switch (local.modeJs) {","","","","    // post-init","    // run browser js-env code - post-init","    /* istanbul ignore next */","    case 'browser':","        local.testRunBrowser = function (event) {","            if (!event || (event &&","                    event.currentTarget &&","                    event.currentTarget.className &&","                    event.currentTarget.className.includes &&","                    event.currentTarget.className.includes('onreset'))) {","                // reset output","                Array.from(","                    document.querySelectorAll('body > .resettable')","                ).forEach(function (element) {","                    switch (element.tagName) {","                    case 'INPUT':","                    case 'TEXTAREA':","                        element.value = '';","                        break;","                    default:","                        element.textContent = '';","                    }","                });","            }","            switch (event && event.currentTarget && event.currentTarget.id) {","            case 'testRunButton1':","                // show tests","                if (document.querySelector('#testReportDiv1').style.display === 'none') {","                    document.querySelector('#testReportDiv1').style.display = 'block';","                    document.querySelector('#testRunButton1').textContent =","                        'hide internal test';","                    local.modeTest = true;","                    local.testRunDefault(local);","                // hide tests","                } else {","                    document.querySelector('#testReportDiv1').style.display = 'none';","                    document.querySelector('#testRunButton1').textContent = 'run internal test';","                }","                break;","            // custom-case","            default:","                break;","            }","            if (document.querySelector('#inputTextareaEval1') && (!event || (event &&","                    event.currentTarget &&","                    event.currentTarget.className &&","                    event.currentTarget.className.includes &&","                    event.currentTarget.className.includes('oneval')))) {","                // try to eval input-code","                try {","                    /*jslint evil: true*/","                    eval(document.querySelector('#inputTextareaEval1').value);","                } catch (errorCaught) {","                    console.error(errorCaught);","                }","            }","        };","        // log stderr and stdout to #outputTextareaStdout1","        ['error', 'log'].forEach(function (key) {","            console[key + '_original'] = console[key];","            console[key] = function () {","                var element;","                console[key + '_original'].apply(console, arguments);","                element = document.querySelector('#outputTextareaStdout1');","                if (!element) {","                    return;","                }","                // append text to #outputTextareaStdout1","                element.value += Array.from(arguments).map(function (arg) {","                    return typeof arg === 'string'","                        ? arg","                        : JSON.stringify(arg, null, 4);","                }).join(' ') + '\\n';","                // scroll textarea to bottom","                element.scrollTop = element.scrollHeight;","            };","        });","        // init event-handling","        ['change', 'click', 'keyup'].forEach(function (event) {","            Array.from(document.querySelectorAll('.on' + event)).forEach(function (element) {","                element.addEventListener(event, local.testRunBrowser);","            });","        });","        // run tests","        local.testRunBrowser();","        break;","","","","    // run node js-env code - post-init","    /* istanbul ignore next */","    case 'node':","        // export local","        module.exports = local;","        // require modules","        local.fs = require('fs');","        local.http = require('http');","        local.url = require('url');","        // init assets","        local.assetsDict = local.assetsDict || {};","        /* jslint-ignore-begin */","        local.assetsDict['/assets.index.template.html'] = '\\","<!doctype html>\\n\\","<html lang=\"en\">\\n\\","<head>\\n\\","<meta charset=\"UTF-8\">\\n\\","<meta name=\"viewport\" content=\"width=device-width, initial-scale=1\">\\n\\","<title>{{env.npm_package_name}} (v{{env.npm_package_version}})</title>\\n\\","<style>\\n\\","/*csslint\\n\\","    box-sizing: false,\\n\\","    universal-selector: false\\n\\","*/\\n\\","* {\\n\\","    box-sizing: border-box;\\n\\","}\\n\\","body {\\n\\","    background: #dde;\\n\\","    font-family: Arial, Helvetica, sans-serif;\\n\\","    margin: 2rem;\\n\\","}\\n\\","body > * {\\n\\","    margin-bottom: 1rem;\\n\\","}\\n\\",".utility2FooterDiv {\\n\\","    margin-top: 20px;\\n\\","    text-align: center;\\n\\","}\\n\\","</style>\\n\\","<style>\\n\\","/*csslint\\n\\","*/\\n\\","textarea {\\n\\","    font-family: monospace;\\n\\","    height: 10rem;\\n\\","    width: 100%;\\n\\","}\\n\\","textarea[readonly] {\\n\\","    background: #ddd;\\n\\","}\\n\\","</style>\\n\\","</head>\\n\\","<body>\\n\\","<!-- utility2-comment\\n\\","<div id=\"ajaxProgressDiv1\" style=\"background: #d00; height: 2px; left: 0; margin: 0; padding: 0; position: fixed; top: 0; transition: background 0.5s, width 1.5s; width: 25%;\"></div>\\n\\","utility2-comment -->\\n\\","<h1>\\n\\","<!-- utility2-comment\\n\\","    <a\\n\\","        {{#if env.npm_package_homepage}}\\n\\","        href=\"{{env.npm_package_homepage}}\"\\n\\","        {{/if env.npm_package_homepage}}\\n\\","        target=\"_blank\"\\n\\","    >\\n\\","utility2-comment -->\\n\\","        {{env.npm_package_name}} (v{{env.npm_package_version}})\\n\\","<!-- utility2-comment\\n\\","    </a>\\n\\","utility2-comment -->\\n\\","</h1>\\n\\","<h3>{{env.npm_package_description}}</h3>\\n\\","<!-- utility2-comment\\n\\","<h4><a download href=\"assets.app.js\">download standalone app</a></h4>\\n\\","<button class=\"onclick onreset\" id=\"testRunButton1\">run internal test</button><br>\\n\\","<div id=\"testReportDiv1\" style=\"display: none;\"></div>\\n\\","utility2-comment -->\\n\\","\\n\\","\\n\\","\\n\\","<label>stderr and stdout</label>\\n\\","<textarea class=\"resettable\" id=\"outputTextareaStdout1\" readonly></textarea>\\n\\","<!-- utility2-comment\\n\\","{{#if isRollup}}\\n\\","<script src=\"assets.app.js\"></script>\\n\\","{{#unless isRollup}}\\n\\","utility2-comment -->\\n\\","<script src=\"assets.utility2.rollup.js\"></script>\\n\\","<script src=\"jsonp.utility2._stateInit?callback=window.utility2._stateInit\"></script>\\n\\","<script src=\"assets.npmtest_codelyzer.rollup.js\"></script>\\n\\","<script src=\"assets.example.js\"></script>\\n\\","<script src=\"assets.test.js\"></script>\\n\\","<!-- utility2-comment\\n\\","{{/if isRollup}}\\n\\","utility2-comment -->\\n\\","<div class=\"utility2FooterDiv\">\\n\\","    [ this app was created with\\n\\","    <a href=\"https://github.com/kaizhu256/node-utility2\" target=\"_blank\">utility2</a>\\n\\","    ]\\n\\","</div>\\n\\","</body>\\n\\","</html>\\n\\","';","        /* jslint-ignore-end */","        if (local.templateRender) {","            local.assetsDict['/'] = local.templateRender(","                local.assetsDict['/assets.index.template.html'],","                {","                    env: local.objectSetDefault(local.env, {","                        npm_package_description: 'the greatest app in the world!',","                        npm_package_name: 'my-app',","                        npm_package_nameAlias: 'my_app',","                        npm_package_version: '0.0.1'","                    })","                }","            );","        } else {","            local.assetsDict['/'] = local.assetsDict['/assets.index.template.html']","                .replace((/\\{\\{env\\.(\\w+?)\\}\\}/g), function (match0, match1) {","                    // jslint-hack","                    String(match0);","                    switch (match1) {","                    case 'npm_package_description':","                        return 'the greatest app in the world!';","                    case 'npm_package_name':","                        return 'my-app';","                    case 'npm_package_nameAlias':","                        return 'my_app';","                    case 'npm_package_version':","                        return '0.0.1';","                    }","                });","        }","        // run the cli","        if (local.global.utility2_rollup || module !== require.main) {","            break;","        }","        local.assetsDict['/assets.example.js'] =","            local.assetsDict['/assets.example.js'] ||","            local.fs.readFileSync(__filename, 'utf8');","        // bug-workaround - long $npm_package_buildCustomOrg","        /* jslint-ignore-begin */","        local.assetsDict['/assets.npmtest_codelyzer.rollup.js'] =","            local.assetsDict['/assets.npmtest_codelyzer.rollup.js'] ||","            local.fs.readFileSync(","                local.npmtest_codelyzer.__dirname + '/lib.npmtest_codelyzer.js',","                'utf8'","            ).replace((/^#!/), '//');","        /* jslint-ignore-end */","        local.assetsDict['/favicon.ico'] = local.assetsDict['/favicon.ico'] || '';","        // if $npm_config_timeout_exit exists,","        // then exit this process after $npm_config_timeout_exit ms","        if (Number(process.env.npm_config_timeout_exit)) {","            setTimeout(process.exit, Number(process.env.npm_config_timeout_exit));","        }","        // start server","        if (local.global.utility2_serverHttp1) {","            break;","        }","        process.env.PORT = process.env.PORT || '8081';","        console.error('server starting on port ' + process.env.PORT);","        local.http.createServer(function (request, response) {","            request.urlParsed = local.url.parse(request.url);","            if (local.assetsDict[request.urlParsed.pathname] !== undefined) {","                response.end(local.assetsDict[request.urlParsed.pathname]);","                return;","            }","            response.statusCode = 404;","            response.end();","        }).listen(process.env.PORT);","        break;","    }","}());",""],"l":{"26":2,"28":2,"33":2,"35":2,"37":2,"38":2,"39":2,"44":1,"51":2,"55":2,"59":2,"61":2,"69":1,"70":2,"76":2,"79":2,"82":2,"83":2,"85":1,"89":2,"92":1,"93":1,"94":1,"96":1,"97":1,"100":1,"101":1,"103":1,"106":1,"108":2,"114":1,"116":1,"118":1,"123":1,"124":2,"125":2,"126":3,"127":3,"128":3,"129":3,"130":1,"133":3,"134":3,"139":3,"143":1,"144":3,"145":1,"149":1,"150":1,"158":1,"160":1,"161":1,"162":1,"164":1,"166":1,"258":1,"259":1,"271":1,"274":6,"275":6,"277":1,"279":2,"281":1,"283":2,"288":1,"289":1,"291":1,"296":1,"303":1,"306":1,"307":1,"310":1,"311":1,"313":1,"314":1,"315":1,"316":1,"317":1,"318":1,"319":1,"321":1,"322":1,"324":1}},"/home/travis/build/npmtest/node-npmtest-codelyzer/node_modules/codelyzer/index.js":{"path":"/home/travis/build/npmtest/node-npmtest-codelyzer/node_modules/codelyzer/index.js","s":{"1":1,"2":0,"3":0,"4":0,"5":2,"6":0,"7":0,"8":0,"9":0,"10":0,"11":0,"12":0,"13":0,"14":0,"15":0,"16":0,"17":0,"18":0,"19":0,"20":0,"21":0,"22":0,"23":0,"24":0,"25":0,"26":0,"27":0,"28":0,"29":0,"30":0,"31":0,"32":0,"33":0,"34":0,"35":0,"36":0,"37":0,"38":0,"39":0,"40":0,"41":0,"42":0,"43":0,"44":0,"45":0,"46":0,"47":0},"b":{"1":[0,0]},"f":{"1":0},"fnMap":{"1":{"name":"__export","line":2,"loc":{"start":{"line":2,"column":0},"end":{"line":2,"column":21}}}},"statementMap":{"1":{"start":{"line":2,"column":0},"end":{"line":4,"column":1}},"2":{"start":{"line":3,"column":4},"end":{"line":3,"column":71}},"3":{"start":{"line":3,"column":21},"end":{"line":3,"column":71}},"4":{"start":{"line":3,"column":53},"end":{"line":3,"column":71}},"5":{"start":{"line":5,"column":0},"end":{"line":5,"column":71}},"6":{"start":{"line":6,"column":0},"end":{"line":6,"column":67}},"7":{"start":{"line":7,"column":0},"end":{"line":7,"column":65}},"8":{"start":{"line":8,"column":0},"end":{"line":8,"column":61}},"9":{"start":{"line":9,"column":0},"end":{"line":9,"column":71}},"10":{"start":{"line":10,"column":0},"end":{"line":10,"column":67}},"11":{"start":{"line":11,"column":0},"end":{"line":11,"column":65}},"12":{"start":{"line":12,"column":0},"end":{"line":12,"column":61}},"13":{"start":{"line":13,"column":0},"end":{"line":13,"column":83}},"14":{"start":{"line":14,"column":0},"end":{"line":14,"column":79}},"15":{"start":{"line":15,"column":0},"end":{"line":15,"column":63}},"16":{"start":{"line":16,"column":0},"end":{"line":16,"column":59}},"17":{"start":{"line":17,"column":0},"end":{"line":17,"column":73}},"18":{"start":{"line":18,"column":0},"end":{"line":18,"column":69}},"19":{"start":{"line":19,"column":0},"end":{"line":19,"column":89}},"20":{"start":{"line":20,"column":0},"end":{"line":20,"column":85}},"21":{"start":{"line":21,"column":0},"end":{"line":21,"column":55}},"22":{"start":{"line":22,"column":0},"end":{"line":22,"column":51}},"23":{"start":{"line":23,"column":0},"end":{"line":23,"column":57}},"24":{"start":{"line":24,"column":0},"end":{"line":24,"column":53}},"25":{"start":{"line":25,"column":0},"end":{"line":25,"column":59}},"26":{"start":{"line":26,"column":0},"end":{"line":26,"column":55}},"27":{"start":{"line":27,"column":0},"end":{"line":27,"column":53}},"28":{"start":{"line":28,"column":0},"end":{"line":28,"column":49}},"29":{"start":{"line":29,"column":0},"end":{"line":29,"column":51}},"30":{"start":{"line":30,"column":0},"end":{"line":30,"column":47}},"31":{"start":{"line":31,"column":0},"end":{"line":31,"column":51}},"32":{"start":{"line":32,"column":0},"end":{"line":32,"column":47}},"33":{"start":{"line":33,"column":0},"end":{"line":33,"column":67}},"34":{"start":{"line":34,"column":0},"end":{"line":34,"column":63}},"35":{"start":{"line":35,"column":0},"end":{"line":35,"column":79}},"36":{"start":{"line":36,"column":0},"end":{"line":36,"column":75}},"37":{"start":{"line":37,"column":0},"end":{"line":37,"column":81}},"38":{"start":{"line":38,"column":0},"end":{"line":38,"column":77}},"39":{"start":{"line":39,"column":0},"end":{"line":39,"column":73}},"40":{"start":{"line":40,"column":0},"end":{"line":40,"column":69}},"41":{"start":{"line":41,"column":0},"end":{"line":41,"column":83}},"42":{"start":{"line":42,"column":0},"end":{"line":42,"column":79}},"43":{"start":{"line":43,"column":0},"end":{"line":43,"column":81}},"44":{"start":{"line":44,"column":0},"end":{"line":44,"column":77}},"45":{"start":{"line":45,"column":0},"end":{"line":45,"column":71}},"46":{"start":{"line":46,"column":0},"end":{"line":46,"column":67}},"47":{"start":{"line":47,"column":0},"end":{"line":47,"column":38}}},"branchMap":{"1":{"line":3,"type":"if","locations":[{"start":{"line":3,"column":21},"end":{"line":3,"column":21}},{"start":{"line":3,"column":21},"end":{"line":3,"column":21}}]}},"code":["\"use strict\";","function __export(m) {","    for (var p in m) if (!exports.hasOwnProperty(p)) exports[p] = m[p];","}","var componentClassSuffixRule_1 = require(\"./componentClassSuffixRule\");","exports.ComponentClassSuffixRule = componentClassSuffixRule_1.Rule;","var componentSelectorRule_1 = require(\"./componentSelectorRule\");","exports.ComponentSelectorRule = componentSelectorRule_1.Rule;","var directiveClassSuffixRule_1 = require(\"./directiveClassSuffixRule\");","exports.DirectiveClassSuffixRule = directiveClassSuffixRule_1.Rule;","var directiveSelectorRule_1 = require(\"./directiveSelectorRule\");","exports.DirectiveSelectorRule = directiveSelectorRule_1.Rule;","var importDestructuringSpacingRule_1 = require(\"./importDestructuringSpacingRule\");","exports.ImportDestructuringSpacingRule = importDestructuringSpacingRule_1.Rule;","var invokeInjectableRule_1 = require(\"./invokeInjectableRule\");","exports.InvokeInjectableRule = invokeInjectableRule_1.Rule;","var noAccessMissingMemberRule_1 = require(\"./noAccessMissingMemberRule\");","exports.NoAccessMissingMemberRule = noAccessMissingMemberRule_1.Rule;","var noAttributeParameterDecoratorRule_1 = require(\"./noAttributeParameterDecoratorRule\");","exports.NoAttributeParameterDecoratorRule = noAttributeParameterDecoratorRule_1.Rule;","var noForwardRefRule_1 = require(\"./noForwardRefRule\");","exports.NoForwardRefRule = noForwardRefRule_1.Rule;","var noInputRenameRule_1 = require(\"./noInputRenameRule\");","exports.NoInputRenameRule = noInputRenameRule_1.Rule;","var noOutputRenameRule_1 = require(\"./noOutputRenameRule\");","exports.NoOutputRenameRule = noOutputRenameRule_1.Rule;","var noUnusedCssRule_1 = require(\"./noUnusedCssRule\");","exports.NoUnusedCssRule = noUnusedCssRule_1.Rule;","var pipeImpureRule_1 = require(\"./pipeImpureRule\");","exports.PipeImpureRule = pipeImpureRule_1.Rule;","var pipeNamingRule_1 = require(\"./pipeNamingRule\");","exports.PipeNamingRule = pipeNamingRule_1.Rule;","var templatesUsePublicRule_1 = require(\"./templatesUsePublicRule\");","exports.TemplatesUsePublicRule = templatesUsePublicRule_1.Rule;","var useHostPropertyDecoratorRule_1 = require(\"./useHostPropertyDecoratorRule\");","exports.UseHostPropertyDecoratorRule = useHostPropertyDecoratorRule_1.Rule;","var useInputPropertyDecoratorRule_1 = require(\"./useInputPropertyDecoratorRule\");","exports.UseInputPropertyDecoratorRule = useInputPropertyDecoratorRule_1.Rule;","var useLifeCycleInterfaceRule_1 = require(\"./useLifeCycleInterfaceRule\");","exports.UseLifeCycleInterfaceRule = useLifeCycleInterfaceRule_1.Rule;","var useOutputPropertyDecoratorRule_1 = require(\"./useOutputPropertyDecoratorRule\");","exports.UseOutputPropertyDecoratorRule = useOutputPropertyDecoratorRule_1.Rule;","var usePipeTransformInterfaceRule_1 = require(\"./usePipeTransformInterfaceRule\");","exports.UsePipeTransformInterfaceRule = usePipeTransformInterfaceRule_1.Rule;","var templateToNgTemplateRule_1 = require(\"./templateToNgTemplateRule\");","exports.TemplateToNgTemplateRule = templateToNgTemplateRule_1.Rule;","__export(require(\"./angular/config\"));",""],"l":{"2":1,"3":0,"5":2,"6":0,"7":0,"8":0,"9":0,"10":0,"11":0,"12":0,"13":0,"14":0,"15":0,"16":0,"17":0,"18":0,"19":0,"20":0,"21":0,"22":0,"23":0,"24":0,"25":0,"26":0,"27":0,"28":0,"29":0,"30":0,"31":0,"32":0,"33":0,"34":0,"35":0,"36":0,"37":0,"38":0,"39":0,"40":0,"41":0,"42":0,"43":0,"44":0,"45":0,"46":0,"47":0}},"/home/travis/build/npmtest/node-npmtest-codelyzer/node_modules/codelyzer/componentClassSuffixRule.js":{"path":"/home/travis/build/npmtest/node-npmtest-codelyzer/node_modules/codelyzer/componentClassSuffixRule.js","s":{"1":4,"2":0,"3":0,"4":0,"5":1,"6":0,"7":0,"8":4,"9":0,"10":0,"11":0,"12":0,"13":0,"14":0,"15":1,"16":0,"17":0,"18":0,"19":0,"20":0,"21":0,"22":0,"23":0,"24":0,"25":0,"26":0,"27":0,"28":0,"29":0,"30":0,"31":0,"32":0},"b":{"1":[4,4,4],"2":[0,0],"3":[0,0],"4":[0,0],"5":[0,0],"6":[0,0]},"f":{"1":0,"2":0,"3":0,"4":0,"5":0,"6":0,"7":0,"8":0,"9":0,"10":0},"fnMap":{"1":{"name":"(anonymous_1)","line":2,"loc":{"start":{"line":2,"column":44},"end":{"line":2,"column":60}}},"2":{"name":"__","line":4,"loc":{"start":{"line":4,"column":4},"end":{"line":4,"column":18}}},"3":{"name":"(anonymous_3)","line":12,"loc":{"start":{"line":12,"column":12},"end":{"line":12,"column":30}}},"4":{"name":"Rule","line":14,"loc":{"start":{"line":14,"column":4},"end":{"line":14,"column":20}}},"5":{"name":"(anonymous_5)","line":17,"loc":{"start":{"line":17,"column":20},"end":{"line":17,"column":53}}},"6":{"name":"(anonymous_6)","line":18,"loc":{"start":{"line":18,"column":31},"end":{"line":18,"column":49}}},"7":{"name":"(anonymous_7)","line":20,"loc":{"start":{"line":20,"column":27},"end":{"line":20,"column":49}}},"8":{"name":"(anonymous_8)","line":45,"loc":{"start":{"line":45,"column":65},"end":{"line":45,"column":93}}},"9":{"name":"(anonymous_9)","line":47,"loc":{"start":{"line":47,"column":14},"end":{"line":47,"column":36}}},"10":{"name":"(anonymous_10)","line":48,"loc":{"start":{"line":48,"column":14},"end":{"line":48,"column":30}}}},"statementMap":{"1":{"start":{"line":2,"column":0},"end":{"line":6,"column":2}},"2":{"start":{"line":3,"column":4},"end":{"line":3,"column":58}},"3":{"start":{"line":3,"column":21},"end":{"line":3,"column":58}},"4":{"start":{"line":3,"column":46},"end":{"line":3,"column":58}},"5":{"start":{"line":4,"column":4},"end":{"line":4,"column":43}},"6":{"start":{"line":4,"column":20},"end":{"line":4,"column":41}},"7":{"start":{"line":5,"column":4},"end":{"line":5,"column":89}},"8":{"start":{"line":7,"column":0},"end":{"line":7,"column":29}},"9":{"start":{"line":8,"column":0},"end":{"line":8,"column":41}},"10":{"start":{"line":9,"column":0},"end":{"line":9,"column":63}},"11":{"start":{"line":10,"column":0},"end":{"line":10,"column":53}},"12":{"start":{"line":11,"column":0},"end":{"line":11,"column":44}},"13":{"start":{"line":12,"column":0},"end":{"line":24,"column":28}},"14":{"start":{"line":13,"column":4},"end":{"line":13,"column":28}},"15":{"start":{"line":14,"column":4},"end":{"line":16,"column":5}},"16":{"start":{"line":15,"column":8},"end":{"line":15,"column":53}},"17":{"start":{"line":17,"column":4},"end":{"line":19,"column":6}},"18":{"start":{"line":18,"column":8},"end":{"line":18,"column":89}},"19":{"start":{"line":18,"column":51},"end":{"line":18,"column":85}},"20":{"start":{"line":20,"column":4},"end":{"line":22,"column":6}},"21":{"start":{"line":21,"column":8},"end":{"line":21,"column":87}},"22":{"start":{"line":23,"column":4},"end":{"line":23,"column":16}},"23":{"start":{"line":25,"column":0},"end":{"line":43,"column":2}},"24":{"start":{"line":44,"column":0},"end":{"line":44,"column":96}},"25":{"start":{"line":45,"column":0},"end":{"line":55,"column":4}},"26":{"start":{"line":46,"column":4},"end":{"line":54,"column":7}},"27":{"start":{"line":47,"column":38},"end":{"line":47,"column":61}},"28":{"start":{"line":49,"column":8},"end":{"line":49,"column":34}},"29":{"start":{"line":50,"column":8},"end":{"line":50,"column":77}},"30":{"start":{"line":51,"column":8},"end":{"line":53,"column":9}},"31":{"start":{"line":52,"column":12},"end":{"line":52,"column":115}},"32":{"start":{"line":56,"column":0},"end":{"line":56,"column":20}}},"branchMap":{"1":{"line":2,"type":"binary-expr","locations":[{"start":{"line":2,"column":17},"end":{"line":2,"column":21}},{"start":{"line":2,"column":25},"end":{"line":2,"column":39}},{"start":{"line":2,"column":44},"end":{"line":6,"column":1}}]},"2":{"line":3,"type":"if","locations":[{"start":{"line":3,"column":21},"end":{"line":3,"column":21}},{"start":{"line":3,"column":21},"end":{"line":3,"column":21}}]},"3":{"line":5,"type":"cond-expr","locations":[{"start":{"line":5,"column":31},"end":{"line":5,"column":47}},{"start":{"line":5,"column":51},"end":{"line":5,"column":87}}]},"4":{"line":15,"type":"binary-expr","locations":[{"start":{"line":15,"column":15},"end":{"line":15,"column":44}},{"start":{"line":15,"column":48},"end":{"line":15,"column":52}}]},"5":{"line":50,"type":"cond-expr","locations":[{"start":{"line":50,"column":50},"end":{"line":50,"column":60}},{"start":{"line":50,"column":63},"end":{"line":50,"column":76}}]},"6":{"line":51,"type":"if","locations":[{"start":{"line":51,"column":8},"end":{"line":51,"column":8}},{"start":{"line":51,"column":8},"end":{"line":51,"column":8}}]}},"code":["\"use strict\";","var __extends = (this && this.__extends) || function (d, b) {","    for (var p in b) if (b.hasOwnProperty(p)) d[p] = b[p];","    function __() { this.constructor = d; }","    d.prototype = b === null ? Object.create(b) : (__.prototype = b.prototype, new __());","};","var Lint = require(\"tslint\");","var sprintf_js_1 = require(\"sprintf-js\");","var walkerFactory_1 = require(\"./walkerFactory/walkerFactory\");","var walkerFn_1 = require(\"./walkerFactory/walkerFn\");","var function_1 = require(\"./util/function\");","var Rule = (function (_super) {","    __extends(Rule, _super);","    function Rule() {","        return _super.apply(this, arguments) || this;","    }","    Rule.validate = function (className, suffixList) {","        return suffixList.some(function (suffix) { return className.endsWith(suffix); });","    };","    Rule.prototype.apply = function (sourceFile) {","        return this.applyWithWalker(Rule.walkerBuilder(sourceFile, this.getOptions()));","    };","    return Rule;","}(Lint.Rules.AbstractRule));","Rule.metadata = {","    ruleName: 'component-class-suffix',","    type: 'style',","    description: \"Classes decorated with @Component must have suffix \\\"Component\\\" (or custom) in their name.\",","    descriptionDetails: \"See more at https://angular.io/styleguide#!#02-03.\",","    rationale: \"Consistent conventions make it easy to quickly identify and reference assets of different types.\",","    options: {","        type: 'array',","        items: {","            type: 'string',","        }","    },","    optionExamples: [","        \"true\",","        \"[true, \\\"Component\\\", \\\"View\\\"]\"","    ],","    optionsDescription: \"Supply a list of allowed component suffixes. Defaults to \\\"Component\\\".\",","    typescriptOnly: true,","};","Rule.FAILURE = 'The name of the class %s should end with the suffix %s (https://goo.gl/5X1TE7)';","Rule.walkerBuilder = walkerFn_1.all(walkerFn_1.validateComponent(function (meta, suffixList) {","    return function_1.Maybe.lift(meta.controller)","        .fmap(function (controller) { return controller.name; })","        .fmap(function (name) {","        var className = name.text;","        var _suffixList = suffixList.length > 0 ? suffixList : ['Component'];","        if (!Rule.validate(className, _suffixList)) {","            return [new walkerFactory_1.Failure(name, sprintf_js_1.sprintf(Rule.FAILURE, className, _suffixList))];","        }","    });","}));","exports.Rule = Rule;",""],"l":{"2":4,"3":0,"4":1,"5":0,"7":4,"8":0,"9":0,"10":0,"11":0,"12":0,"13":0,"14":1,"15":0,"17":0,"18":0,"20":0,"21":0,"23":0,"25":0,"44":0,"45":0,"46":0,"47":0,"49":0,"50":0,"51":0,"52":0,"56":0}},"/home/travis/build/npmtest/node-npmtest-codelyzer/node_modules/codelyzer/componentSelectorRule.js":{"path":"/home/travis/build/npmtest/node-npmtest-codelyzer/node_modules/codelyzer/componentSelectorRule.js","s":{"1":2,"2":0,"3":0,"4":0,"5":1,"6":0,"7":0,"8":2,"9":0,"10":0,"11":0,"12":1,"13":0,"14":0,"15":0,"16":0,"17":0,"18":0,"19":0,"20":0,"21":0,"22":0,"23":0,"24":0,"25":0,"26":0,"27":0},"b":{"1":[2,2,2],"2":[0,0],"3":[0,0],"4":[0,0]},"f":{"1":0,"2":0,"3":0,"4":0,"5":0,"6":0,"7":0,"8":0},"fnMap":{"1":{"name":"(anonymous_1)","line":2,"loc":{"start":{"line":2,"column":44},"end":{"line":2,"column":60}}},"2":{"name":"__","line":4,"loc":{"start":{"line":4,"column":4},"end":{"line":4,"column":18}}},"3":{"name":"(anonymous_3)","line":9,"loc":{"start":{"line":9,"column":12},"end":{"line":9,"column":30}}},"4":{"name":"Rule","line":11,"loc":{"start":{"line":11,"column":4},"end":{"line":11,"column":20}}},"5":{"name":"(anonymous_5)","line":16,"loc":{"start":{"line":16,"column":36},"end":{"line":16,"column":48}}},"6":{"name":"(anonymous_6)","line":17,"loc":{"start":{"line":17,"column":36},"end":{"line":17,"column":48}}},"7":{"name":"(anonymous_7)","line":18,"loc":{"start":{"line":18,"column":44},"end":{"line":18,"column":56}}},"8":{"name":"(anonymous_8)","line":19,"loc":{"start":{"line":19,"column":42},"end":{"line":19,"column":54}}}},"statementMap":{"1":{"start":{"line":2,"column":0},"end":{"line":6,"column":2}},"2":{"start":{"line":3,"column":4},"end":{"line":3,"column":58}},"3":{"start":{"line":3,"column":21},"end":{"line":3,"column":58}},"4":{"start":{"line":3,"column":46},"end":{"line":3,"column":58}},"5":{"start":{"line":4,"column":4},"end":{"line":4,"column":43}},"6":{"start":{"line":4,"column":20},"end":{"line":4,"column":41}},"7":{"start":{"line":5,"column":4},"end":{"line":5,"column":89}},"8":{"start":{"line":7,"column":0},"end":{"line":7,"column":55}},"9":{"start":{"line":8,"column":0},"end":{"line":8,"column":29}},"10":{"start":{"line":9,"column":0},"end":{"line":21,"column":36}},"11":{"start":{"line":10,"column":4},"end":{"line":10,"column":28}},"12":{"start":{"line":11,"column":4},"end":{"line":15,"column":5}},"13":{"start":{"line":12,"column":8},"end":{"line":12,"column":58}},"14":{"start":{"line":13,"column":8},"end":{"line":13,"column":39}},"15":{"start":{"line":14,"column":8},"end":{"line":14,"column":21}},"16":{"start":{"line":16,"column":4},"end":{"line":16,"column":142}},"17":{"start":{"line":16,"column":50},"end":{"line":16,"column":139}},"18":{"start":{"line":17,"column":4},"end":{"line":17,"column":140}},"19":{"start":{"line":17,"column":50},"end":{"line":17,"column":137}},"20":{"start":{"line":18,"column":4},"end":{"line":18,"column":153}},"21":{"start":{"line":18,"column":58},"end":{"line":18,"column":150}},"22":{"start":{"line":19,"column":4},"end":{"line":19,"column":163}},"23":{"start":{"line":19,"column":56},"end":{"line":19,"column":160}},"24":{"start":{"line":20,"column":4},"end":{"line":20,"column":16}},"25":{"start":{"line":22,"column":0},"end":{"line":62,"column":2}},"26":{"start":{"line":63,"column":0},"end":{"line":63,"column":20}},"27":{"start":{"line":64,"column":0},"end":{"line":64,"column":11}}},"branchMap":{"1":{"line":2,"type":"binary-expr","locations":[{"start":{"line":2,"column":17},"end":{"line":2,"column":21}},{"start":{"line":2,"column":25},"end":{"line":2,"column":39}},{"start":{"line":2,"column":44},"end":{"line":6,"column":1}}]},"2":{"line":3,"type":"if","locations":[{"start":{"line":3,"column":21},"end":{"line":3,"column":21}},{"start":{"line":3,"column":21},"end":{"line":3,"column":21}}]},"3":{"line":5,"type":"cond-expr","locations":[{"start":{"line":5,"column":31},"end":{"line":5,"column":47}},{"start":{"line":5,"column":51},"end":{"line":5,"column":87}}]},"4":{"line":12,"type":"binary-expr","locations":[{"start":{"line":12,"column":20},"end":{"line":12,"column":49}},{"start":{"line":12,"column":53},"end":{"line":12,"column":57}}]}},"code":["\"use strict\";","var __extends = (this && this.__extends) || function (d, b) {","    for (var p in b) if (b.hasOwnProperty(p)) d[p] = b[p];","    function __() { this.constructor = d; }","    d.prototype = b === null ? Object.create(b) : (__.prototype = b.prototype, new __());","};","var selectorNameBase_1 = require(\"./selectorNameBase\");","var Lint = require(\"tslint\");","var Rule = (function (_super) {","    __extends(Rule, _super);","    function Rule() {","        var _this = _super.apply(this, arguments) || this;","        _this.handleType = 'Component';","        return _this;","    }","    Rule.prototype.getTypeFailure = function () { return 'The selector of the component \"%s\" should be used as %s (https://goo.gl/llsqKR)'; };","    Rule.prototype.getNameFailure = function () { return 'The selector of the component \"%s\" should be named %s (https://goo.gl/mBg67Z)'; };","    Rule.prototype.getSinglePrefixFailure = function () { return 'The selector of the component \"%s\" should have prefix \"%s\" (https://goo.gl/cix8BY)'; };","    Rule.prototype.getManyPrefixFailure = function () { return 'The selector of the component \"%s\" should have one of the prefixes: %s (https://goo.gl/cix8BY)'; };","    return Rule;","}(selectorNameBase_1.SelectorRule));","Rule.metadata = {","    ruleName: 'component-selector',","    type: 'style',","    description: \"Component selectors should follow given naming rules.\",","    descriptionDetails: \"See more at https://angular.io/styleguide#!#02-07, https://angular.io/styleguide#!#05-02, \" +","        \"and https://angular.io/styleguide#!#05-03.\",","    rationale: (_a = [\"\\n    * Consistent conventions make it easy to quickly identify and reference assets of different types.\\n    * Makes it easier to promote and share the component in other apps.\\n    * Components are easy to identify in the DOM.\\n    * Keeps the element names consistent with the specification for Custom Elements.\\n    * Components have templates containing HTML and optional Angular template syntax.\\n        * They display content. Developers place components on the page as they would native HTML elements and WebComponents.\\n    * It is easier to recognize that a symbol is a component by looking at the template's HTML.\\n    \"], _a.raw = [\"\\n    * Consistent conventions make it easy to quickly identify and reference assets of different types.\\n    * Makes it easier to promote and share the component in other apps.\\n    * Components are easy to identify in the DOM.\\n    * Keeps the element names consistent with the specification for Custom Elements.\\n    * Components have templates containing HTML and optional Angular template syntax.\\n        * They display content. Developers place components on the page as they would native HTML elements and WebComponents.\\n    * It is easier to recognize that a symbol is a component by looking at the template's HTML.\\n    \"], Lint.Utils.dedent(_a)),","    options: {","        'type': 'array',","        'items': [","            {","                'enum': ['element', 'attribute']","            },","            {","                'oneOf': [","                    {","                        'type': 'array',","                        'items': {","                            'type': 'string'","                        }","                    },","                    {","                        'type': 'string'","                    }","                ]","            },","            {","                'enum': ['kebab-case', 'camelCase']","            }","        ],","        'minItems': 3,","        'maxItems': 3","    },","    optionExamples: [","        \"[\\\"element\\\", \\\"my-prefix\\\", \\\"kebab-case\\\"]\",","        \"[\\\"element\\\", [\\\"ng\\\", \\\"ngx\\\"], \\\"kebab-case\\\"]\",","        \"[\\\"attribute\\\", \\\"myPrefix\\\", \\\"camelCase\\\"]\",","    ],","    optionsDescription: (_b = [\"\\n    Options accept three obligatory items as an array:\\n    \\n    1. `\\\"element\\\"` or `\\\"attribute\\\"` forces components either to be elements or attributes.\\n    2. A single prefix (string) or array of prefixes (strings) which have to be used in component selectors.\\n    3. `\\\"kebab-case\\\"` or `\\\"camelCase\\\"` allows you to pick a case.\\n    \"], _b.raw = [\"\\n    Options accept three obligatory items as an array:\\n    \\n    1. \\\\`\\\"element\\\"\\\\` or \\\\`\\\"attribute\\\"\\\\` forces components either to be elements or attributes.\\n    2. A single prefix (string) or array of prefixes (strings) which have to be used in component selectors.\\n    3. \\\\`\\\"kebab-case\\\"\\\\` or \\\\`\\\"camelCase\\\"\\\\` allows you to pick a case.\\n    \"], Lint.Utils.dedent(_b)),","    typescriptOnly: true,","};","exports.Rule = Rule;","var _a, _b;",""],"l":{"2":2,"3":0,"4":1,"5":0,"7":2,"8":0,"9":0,"10":0,"11":1,"12":0,"13":0,"14":0,"16":0,"17":0,"18":0,"19":0,"20":0,"22":0,"63":0,"64":0}},"/home/travis/build/npmtest/node-npmtest-codelyzer/node_modules/codelyzer/selectorNameBase.js":{"path":"/home/travis/build/npmtest/node-npmtest-codelyzer/node_modules/codelyzer/selectorNameBase.js","s":{"1":6,"2":0,"3":0,"4":0,"5":1,"6":0,"7":0,"8":6,"9":0,"10":0,"11":0,"12":0,"13":0,"14":0,"15":1,"16":0,"17":0,"18":0,"19":0,"20":0,"21":0,"22":0,"23":0,"24":0,"25":0,"26":0,"27":0,"28":0,"29":0,"30":0,"31":0,"32":0,"33":0,"34":0,"35":0,"36":0,"37":0,"38":0,"39":0,"40":0,"41":0,"42":0,"43":0,"44":0,"45":0,"46":0,"47":0,"48":0,"49":0,"50":0,"51":0,"52":0,"53":0,"54":0,"55":0,"56":0,"57":0,"58":0,"59":0,"60":0,"61":0,"62":0,"63":0,"64":0,"65":0,"66":0,"67":0,"68":0,"69":0,"70":0,"71":0,"72":0,"73":1,"74":0,"75":0,"76":0,"77":0,"78":0,"79":0,"80":0,"81":0,"82":0,"83":0,"84":0,"85":0,"86":0,"87":0,"88":0,"89":0,"90":0,"91":0,"92":0,"93":0,"94":0,"95":0,"96":0,"97":0,"98":0,"99":0,"100":0,"101":0,"102":0,"103":0,"104":0,"105":0,"106":0,"107":0,"108":0,"109":0,"110":0,"111":0,"112":0,"113":0,"114":0,"115":0,"116":0,"117":0,"118":0,"119":0},"b":{"1":[6,6,6],"2":[0,0],"3":[0,0],"4":[0,0],"5":[0,0],"6":[0,0],"7":[0,0],"8":[0,0],"9":[0,0],"10":[0,0],"11":[0,0],"12":[0,0],"13":[0,0],"14":[0,0],"15":[0,0],"16":[0,0],"17":[0,0],"18":[0,0],"19":[0,0],"20":[0,0],"21":[0,0],"22":[0,0],"23":[0,0],"24":[0,0],"25":[0,0],"26":[0,0],"27":[0,0,0]},"f":{"1":0,"2":0,"3":0,"4":0,"5":0,"6":0,"7":0,"8":0,"9":0,"10":0,"11":0,"12":0,"13":0,"14":0,"15":0,"16":0,"17":0,"18":0,"19":0,"20":0,"21":0,"22":0,"23":0,"24":0,"25":0,"26":0,"27":0,"28":0,"29":0,"30":0,"31":0},"fnMap":{"1":{"name":"(anonymous_1)","line":2,"loc":{"start":{"line":2,"column":44},"end":{"line":2,"column":60}}},"2":{"name":"__","line":4,"loc":{"start":{"line":4,"column":4},"end":{"line":4,"column":18}}},"3":{"name":"(anonymous_3)","line":12,"loc":{"start":{"line":12,"column":20},"end":{"line":12,"column":38}}},"4":{"name":"SelectorRule","line":14,"loc":{"start":{"line":14,"column":4},"end":{"line":14,"column":62}}},"5":{"name":"(anonymous_5)","line":28,"loc":{"start":{"line":28,"column":46},"end":{"line":28,"column":58}}},"6":{"name":"(anonymous_6)","line":31,"loc":{"start":{"line":31,"column":42},"end":{"line":31,"column":62}}},"7":{"name":"(anonymous_7)","line":34,"loc":{"start":{"line":34,"column":42},"end":{"line":34,"column":62}}},"8":{"name":"(anonymous_8)","line":37,"loc":{"start":{"line":37,"column":33},"end":{"line":37,"column":46}}},"9":{"name":"(anonymous_9)","line":43,"loc":{"start":{"line":43,"column":44},"end":{"line":43,"column":64}}},"10":{"name":"(anonymous_10)","line":46,"loc":{"start":{"line":46,"column":33},"end":{"line":46,"column":46}}},"11":{"name":"(anonymous_11)","line":52,"loc":{"start":{"line":52,"column":35},"end":{"line":52,"column":57}}},"12":{"name":"(anonymous_12)","line":55,"loc":{"start":{"line":55,"column":46},"end":{"line":55,"column":62}}},"13":{"name":"(anonymous_13)","line":63,"loc":{"start":{"line":63,"column":44},"end":{"line":63,"column":62}}},"14":{"name":"(anonymous_14)","line":66,"loc":{"start":{"line":66,"column":48},"end":{"line":66,"column":66}}},"15":{"name":"(anonymous_15)","line":69,"loc":{"start":{"line":69,"column":48},"end":{"line":69,"column":72}}},"16":{"name":"(anonymous_16)","line":73,"loc":{"start":{"line":73,"column":46},"end":{"line":73,"column":58}}},"17":{"name":"(anonymous_17)","line":76,"loc":{"start":{"line":76,"column":46},"end":{"line":76,"column":62}}},"18":{"name":"(anonymous_18)","line":91,"loc":{"start":{"line":91,"column":31},"end":{"line":91,"column":49}}},"19":{"name":"SelectorValidatorWalker","line":93,"loc":{"start":{"line":93,"column":4},"end":{"line":93,"column":55}}},"20":{"name":"(anonymous_20)","line":98,"loc":{"start":{"line":98,"column":62},"end":{"line":98,"column":78}}},"21":{"name":"(anonymous_21)","line":103,"loc":{"start":{"line":103,"column":58},"end":{"line":103,"column":90}}},"22":{"name":"(anonymous_22)","line":113,"loc":{"start":{"line":113,"column":57},"end":{"line":113,"column":83}}},"23":{"name":"(anonymous_23)","line":116,"loc":{"start":{"line":116,"column":34},"end":{"line":116,"column":50}}},"24":{"name":"(anonymous_24)","line":117,"loc":{"start":{"line":117,"column":21},"end":{"line":117,"column":37}}},"25":{"name":"(anonymous_25)","line":118,"loc":{"start":{"line":118,"column":25},"end":{"line":118,"column":38}}},"26":{"name":"(anonymous_26)","line":120,"loc":{"start":{"line":120,"column":40},"end":{"line":120,"column":54}}},"27":{"name":"(anonymous_27)","line":121,"loc":{"start":{"line":121,"column":44},"end":{"line":121,"column":64}}},"28":{"name":"(anonymous_28)","line":144,"loc":{"start":{"line":144,"column":57},"end":{"line":144,"column":70}}},"29":{"name":"(anonymous_29)","line":147,"loc":{"start":{"line":147,"column":56},"end":{"line":147,"column":72}}},"30":{"name":"(anonymous_30)","line":149,"loc":{"start":{"line":149,"column":83},"end":{"line":149,"column":103}}},"31":{"name":"(anonymous_31)","line":151,"loc":{"start":{"line":151,"column":60},"end":{"line":151,"column":73}}}},"statementMap":{"1":{"start":{"line":2,"column":0},"end":{"line":6,"column":2}},"2":{"start":{"line":3,"column":4},"end":{"line":3,"column":58}},"3":{"start":{"line":3,"column":21},"end":{"line":3,"column":58}},"4":{"start":{"line":3,"column":46},"end":{"line":3,"column":58}},"5":{"start":{"line":4,"column":4},"end":{"line":4,"column":43}},"6":{"start":{"line":4,"column":20},"end":{"line":4,"column":41}},"7":{"start":{"line":5,"column":4},"end":{"line":5,"column":89}},"8":{"start":{"line":7,"column":0},"end":{"line":7,"column":29}},"9":{"start":{"line":8,"column":0},"end":{"line":8,"column":62}},"10":{"start":{"line":9,"column":0},"end":{"line":9,"column":41}},"11":{"start":{"line":10,"column":0},"end":{"line":10,"column":44}},"12":{"start":{"line":11,"column":0},"end":{"line":11,"column":46}},"13":{"start":{"line":12,"column":0},"end":{"line":89,"column":28}},"14":{"start":{"line":13,"column":4},"end"
[...]
rExpressionVisitor;",""],"l":{"2":2,"3":0,"4":1,"5":0,"7":2,"8":0,"9":0,"10":1,"11":0,"12":0,"13":0,"14":0,"15":0,"17":0,"18":0,"19":0,"21":0,"22":0,"23":0,"24":0,"26":0,"27":0,"28":0,"29":0,"30":0,"31":0,"33":0,"34":0,"35":0,"36":0,"38":0,"39":0,"40":0,"41":0,"43":0,"44":0,"45":0,"46":0,"47":0,"49":0,"50":0,"51":0,"52":0,"54":0,"55":0,"56":0,"57":0,"58":0,"60":0,"61":0,"63":0,"64":0,"65":0,"66":0,"67":0,"69":0,"70":0,"71":0,"73":0,"74":0,"75":0,"77":0,"78":0,"79":0,"80":0,"82":0,"83":0,"84":0,"86":0,"87":0,"88":0,"90":0,"91":0,"92":0,"93":0,"95":0,"96":0,"98":0}},"/home/travis/build/npmtest/node-npmtest-codelyzer/node_modules/codelyzer/angular/templates/referenceCollectorVisitor.js":{"path":"/home/travis/build/npmtest/node-npmtest-codelyzer/node_modules/codelyzer/angular/templates/referenceCollectorVisitor.js","s":{"1":1,"2":1,"3":0,"4":1,"5":0,"6":0,"7":1,"8":1,"9":1,"10":1,"11":1,"12":1,"13":1,"14":1,"15":1,"16":1,"17":1,"18":0,"19":0,"20":0,"21":0,"22":0,"23":0,"24":1,"25":0,"26":0,"27":0,"28":0,"29":0,"30":0,"31":1,"32":0,"33":1,"34":1},"b":{},"f":{"1":1,"2":0,"3":0,"4":0,"5":0,"6":0,"7":0,"8":0,"9":0,"10":0,"11":0,"12":0,"13":0,"14":0,"15":0,"16":0,"17":0,"18":0,"19":0,"20":0},"fnMap":{"1":{"name":"(anonymous_1)","line":2,"loc":{"start":{"line":2,"column":33},"end":{"line":2,"column":45}}},"2":{"name":"ReferenceCollectorVisitor","line":3,"loc":{"start":{"line":3,"column":4},"end":{"line":3,"column":41}}},"3":{"name":"(anonymous_3)","line":6,"loc":{"start":{"line":6,"column":48},"end":{"line":6,"column":73}}},"4":{"name":"(anonymous_4)","line":10,"loc":{"start":{"line":10,"column":57},"end":{"line":10,"column":82}}},"5":{"name":"(anonymous_5)","line":11,"loc":{"start":{"line":11,"column":63},"end":{"line":11,"column":88}}},"6":{"name":"(anonymous_6)","line":12,"loc":{"start":{"line":12,"column":57},"end":{"line":12,"column":81}}},"7":{"name":"(anonymous_7)","line":13,"loc":{"start":{"line":13,"column":57},"end":{"line":13,"column":81}}},"8":{"name":"(anonymous_8)","line":14,"loc":{"start":{"line":14,"column":56},"end":{"line":14,"column":80}}},"9":{"name":"(anonymous_9)","line":15,"loc":{"start":{"line":15,"column":52},"end":{"line":15,"column":76}}},"10":{"name":"(anonymous_10)","line":16,"loc":{"start":{"line":16,"column":52},"end":{"line":16,"column":77}}},"11":{"name":"(anonymous_11)","line":17,"loc":{"start":{"line":17,"column":57},"end":{"line":17,"column":81}}},"12":{"name":"(anonymous_12)","line":18,"loc":{"start":{"line":18,"column":65},"end":{"line":18,"column":89}}},"13":{"name":"(anonymous_13)","line":19,"loc":{"start":{"line":19,"column":53},"end":{"line":19,"column":77}}},"14":{"name":"(anonymous_14)","line":20,"loc":{"start":{"line":20,"column":64},"end":{"line":20,"column":88}}},"15":{"name":"(anonymous_15)","line":22,"loc":{"start":{"line":22,"column":44},"end":{"line":22,"column":57}}},"16":{"name":"(anonymous_16)","line":23,"loc":{"start":{"line":23,"column":29},"end":{"line":23,"column":42}}},"17":{"name":"(anonymous_17)","line":26,"loc":{"start":{"line":26,"column":55},"end":{"line":26,"column":83}}},"18":{"name":"(anonymous_18)","line":28,"loc":{"start":{"line":28,"column":48},"end":{"line":28,"column":61}}},"19":{"name":"(anonymous_19)","line":29,"loc":{"start":{"line":29,"column":33},"end":{"line":29,"column":46}}},"20":{"name":"(anonymous_20)","line":33,"loc":{"start":{"line":33,"column":13},"end":{"line":33,"column":25}}}},"statementMap":{"1":{"start":{"line":2,"column":0},"end":{"line":40,"column":5}},"2":{"start":{"line":3,"column":4},"end":{"line":5,"column":5}},"3":{"start":{"line":4,"column":8},"end":{"line":4,"column":29}},"4":{"start":{"line":6,"column":4},"end":{"line":9,"column":6}},"5":{"start":{"line":7,"column":8},"end":{"line":7,"column":34}},"6":{"start":{"line":8,"column":8},"end":{"line":8,"column":31}},"7":{"start":{"line":10,"column":4},"end":{"line":10,"column":86}},"8":{"start":{"line":11,"column":4},"end":{"line":11,"column":92}},"9":{"start":{"line":12,"column":4},"end":{"line":12,"column":85}},"10":{"start":{"line":13,"column":4},"end":{"line":13,"column":85}},"11":{"start":{"line":14,"column":4},"end":{"line":14,"column":84}},"12":{"start":{"line":15,"column":4},"end":{"line":15,"column":80}},"13":{"start":{"line":16,"column":4},"end":{"line":16,"column":81}},"14":{"start":{"line":17,"column":4},"end":{"line":17,"column":85}},"15":{"start":{"line":18,"column":4},"end":{"line":18,"column":93}},"16":{"start":{"line":19,"column":4},"end":{"line":19,"column":81}},"17":{"start":{"line":20,"column":4},"end":{"line":25,"column":6}},"18":{"start":{"line":21,"column":8},"end":{"line":21,"column":25}},"19":{"start":{"line":22,"column":8},"end":{"line":22,"column":77}},"20":{"start":{"line":22,"column":59},"end":{"line":22,"column":73}},"21":{"start":{"line":23,"column":8},"end":{"line":23,"column":79}},"22":{"start":{"line":23,"column":44},"end":{"line":23,"column":75}},"23":{"start":{"line":24,"column":8},"end":{"line":24,"column":61}},"24":{"start":{"line":26,"column":4},"end":{"line":31,"column":6}},"25":{"start":{"line":27,"column":8},"end":{"line":27,"column":25}},"26":{"start":{"line":28,"column":8},"end":{"line":28,"column":81}},"27":{"start":{"line":28,"column":63},"end":{"line":28,"column":77}},"28":{"start":{"line":29,"column":8},"end":{"line":29,"column":83}},"29":{"start":{"line":29,"column":48},"end":{"line":29,"column":79}},"30":{"start":{"line":30,"column":8},"end":{"line":30,"column":61}},"31":{"start":{"line":32,"column":4},"end":{"line":38,"column":7}},"32":{"start":{"line":34,"column":12},"end":{"line":34,"column":35}},"33":{"start":{"line":39,"column":4},"end":{"line":39,"column":37}},"34":{"start":{"line":41,"column":0},"end":{"line":41,"column":62}}},"branchMap":{},"code":["\"use strict\";","var ReferenceCollectorVisitor = (function () {","    function ReferenceCollectorVisitor() {","        this._variables = [];","    }","    ReferenceCollectorVisitor.prototype.visit = function (node, context) {","        node.visit(this, context);","        return this._variables;","    };","    ReferenceCollectorVisitor.prototype.visitBoundText = function (text, context) { };","    ReferenceCollectorVisitor.prototype.visitElementProperty = function (prop, context) { };","    ReferenceCollectorVisitor.prototype.visitReference = function (ast, context) { };","    ReferenceCollectorVisitor.prototype.visitNgContent = function (ast, context) { };","    ReferenceCollectorVisitor.prototype.visitVariable = function (ast, context) { };","    ReferenceCollectorVisitor.prototype.visitAttr = function (ast, context) { };","    ReferenceCollectorVisitor.prototype.visitText = function (text, context) { };","    ReferenceCollectorVisitor.prototype.visitDirective = function (ast, context) { };","    ReferenceCollectorVisitor.prototype.visitDirectiveProperty = function (ast, context) { };","    ReferenceCollectorVisitor.prototype.visitEvent = function (ast, context) { };","    ReferenceCollectorVisitor.prototype.visitEmbeddedTemplate = function (ast, context) {","        var _this = this;","        var references = ast.references.map(function (r) { return r.name; });","        ast.children.forEach(function (e) { return _this.visit(e, context); });","        this._variables = this._variables.concat(references);","    };","    ReferenceCollectorVisitor.prototype.visitElement = function (element, context) {","        var _this = this;","        var references = element.references.map(function (r) { return r.name; });","        element.children.forEach(function (e) { return _this.visit(e, context); });","        this._variables = this._variables.concat(references);","    };","    Object.defineProperty(ReferenceCollectorVisitor.prototype, \"variables\", {","        get: function () {","            return this._variables;","        },","        enumerable: true,","        configurable: true","    });","    return ReferenceCollectorVisitor;","}());","exports.ReferenceCollectorVisitor = ReferenceCollectorVisitor;",""],"l":{"2":1,"3":1,"4":0,"6":1,"7":0,"8":0,"10":1,"11":1,"12":1,"13":1,"14":1,"15":1,"16":1,"17":1,"18":1,"19":1,"20":1,"21":0,"22":0,"23":0,"24":0,"26":1,"27":0,"28":0,"29":0,"30":0,"32":1,"34":0,"39":1,"41":1}},"/home/travis/build/npmtest/node-npmtest-codelyzer/node_modules/codelyzer/angular/templates/templateParser.js":{"path":"/home/travis/build/npmtest/node-npmtest-codelyzer/node_modules/codelyzer/angular/templates/templateParser.js","s":{"1":2,"2":0,"3":0,"4":0,"5":0,"6":0,"7":0,"8":0,"9":0,"10":0,"11":1,"12":0,"13":0,"14":0,"15":0,"16":0,"17":0,"18":0,"19":0,"20":0,"21":0,"22":0,"23":0,"24":0,"25":0,"26":0,"27":0,"28":0,"29":0,"30":0,"31":0,"32":0,"33":0,"34":0,"35":0,"36":0,"37":0,"38":0},"b":{"1":[0,0],"2":[0,0],"3":[0,0],"4":[0,0],"5":[0,0],"6":[0,0],"7":[0,0],"8":[0,0]},"f":{"1":0,"2":0,"3":0,"4":0,"5":0,"6":0,"7":0,"8":0,"9":0,"10":0,"11":0},"fnMap":{"1":{"name":"(anonymous_1)","line":7,"loc":{"start":{"line":7,"column":27},"end":{"line":7,"column":50}}},"2":{"name":"(anonymous_2)","line":40,"loc":{"start":{"line":40,"column":15},"end":{"line":40,"column":27}}},"3":{"name":"Console","line":41,"loc":{"start":{"line":41,"column":4},"end":{"line":41,"column":23}}},"4":{"name":"(anonymous_4)","line":43,"loc":{"start":{"line":43,"column":28},"end":{"line":43,"column":47}}},"5":{"name":"(anonymous_5)","line":44,"loc":{"start":{"line":44,"column":29},"end":{"line":44,"column":48}}},"6":{"name":"(anonymous_6)","line":48,"loc":{"start":{"line":48,"column":24},"end":{"line":48,"column":56}}},"7":{"name":"(anonymous_7)","line":50,"loc":{"start":{"line":50,"column":39},"end":{"line":50,"column":52}}},"8":{"name":"(anonymous_8)","line":58,"loc":{"start":{"line":58,"column":29},"end":{"line":58,"column":41}}},"9":{"name":"(anonymous_9)","line":63,"loc":{"start":{"line":63,"column":14},"end":{"line":63,"column":26}}},"10":{"name":"(anonymous_10)","line":80,"loc":{"start":{"line":80,"column":19},"end":{"line":80,"column":31}}},"11":{"name":"(anonymous_11)","line":83,"loc":{"start":{"line":83,"column":48},"end":{"line":83,"column":64}}}},"statementMap":{"1":{"start":{"line":2,"column":0},"end":{"line":2,"column":38}},"2":{"start":{"line":3,"column":0},"end":{"line":3,"column":44}},"3":{"start":{"line":4,"column":0},"end":{"line":4,"column":36}},"4":{"start":{"line":5,"column":0},"end":{"line":5,"column":50}},"5":{"start":{"line":6,"column":0},"end":{"line":6,"column":14}},"6":{"start":{"line":7,"column":0},"end":{"line":39,"column":2}},"7":{"start":{"line":8,"column":4},"end":{"line":10,"column":5}},"8":{"start":{"line":9,"column":8},"end":{"line":9,"column":18}},"9":{"start":{"line":11,"column":4},"end":{"line":38,"column":6}},"10":{"start":{"line":40,"column":0},"end":{"line":46,"column":5}},"11":{"start":{"line":41,"column":4},"end":{"line":42,"column":5}},"12":{"start":{"line":43,"column":4},"end":{"line":43,"column":51}},"13":{"start":{"line":44,"column":4},"end":{"line":44,"column":52}},"14":{"start":{"line":45,"column":4},"end":{"line":45,"column":19}},"15":{"start":{"line":47,"column":0},"end":{"line":47,"column":27}},"16":{"start":{"line":48,"column":0},"end":{"line":103,"column":2}},"17":{"start":{"line":49,"column":4},"end":{"line":49,"column":51}},"18":{"start":{"line":49,"column":33},"end":{"line":49,"column":49}},"19":{"start":{"line":50,"column":4},"end":{"line":50,"column":89}},"20":{"start":{"line":50,"column":54},"end":{"line":50,"column":85}},"21":{"start":{"line":51,"column":4},"end":{"line":51,"column":49}},"22":{"start":{"line":52,"column":4},"end":{"line":52,"column":69}},"23":{"start":{"line":53,"column":4},"end":{"line":53,"column":72}},"24":{"start":{"line":54,"column":4},"end":{"line":54,"column":34}},"25":{"start":{"line":55,"column":4},"end":{"line":55,"column":76}},"26":{"start":{"line":56,"column":4},"end":{"line":56,"column":19}},"27":{"start":{"line":57,"column":4},"end":{"line":66,"column":7}},"28":{"start":{"line":59,"column":8},"end":{"line":59,"column":53}},"29":{"start":{"line":60,"column":8},"end":{"line":61,"column":107}},"30":{"start":{"line":64,"column":8},"end":{"line":65,"column":99}},"31":{"start":{"line":67,"column":4},"end":{"line":67,"column":54}},"32":{"start":{"line":68,"column":4},"end":{"line":68,"column":67}},"33":{"start":{"line":69,"column":4},"end":{"line":89,"column":6}},"34":{"start":{"line":81,"column":12},"end":{"line":87,"column":14}},"35":{"start":{"line":83,"column":66},"end":{"line":83,"column":83}},"36":{"start":{"line":90,"column":4},"end":{"line":100,"column":6}},"37":{"start":{"line":101,"column":4},"end":{"line":101,"column":199}},"38":{"start":{"line":102,"column":4},"end":{"line":102,"column":18}}},"branchMap":{"1":{"line":8,"type":"if","locations":[{"start":{"line":8,"column":4},"end":{"line":8,"column":4}},{"start":{"line":8,"column":4},"end":{"line":8,"column":4}}]},"2":{"line":12,"type":"binary-expr","locations":[{"start":{"line":12,"column":16},"end":{"line":12,"column":34}},{"start":{"line":12,"column":38},"end":{"line":12,"column":40}}]},"3":{"line":13,"type":"binary-expr","locations":[{"start":{"line":13,"column":17},"end":{"line":13,"column":36}},{"start":{"line":13,"column":40},"end":{"line":13,"column":42}}]},"4":{"line":14,"type":"binary-expr","locations":[{"start":{"line":14,"column":23},"end":{"line":14,"column":48}},{"start":{"line":14,"column":52},"end":{"line":14,"column":54}}]},"5":{"line":15,"type":"binary-expr","locations":[{"start":{"line":15,"column":24},"end":{"line":15,"column":50}},{"start":{"line":15,"column":54},"end":{"line":15,"column":56}}]},"6":{"line":16,"type":"binary-expr","locations":[{"start":{"line":16,"column":24},"end":{"line":16,"column":50}},{"start":{"line":16,"column":54},"end":{"line":16,"column":56}}]},"7":{"line":49,"type":"if","locations":[{"start":{"line":49,"column":4},"end":{"line":49,"column":4}},{"start":{"line":49,"column":4},"end":{"line":49,"column":4}}]},"8":{"line":68,"type":"binary-expr","locations":[{"start":{"line":68,"column":23},"end":{"line":68,"column":50}},{"start":{"line":68,"column":54},"end":{"line":68,"column":56}}]}},"code":["\"use strict\";","var core_1 = require(\"@angular/core\");","var compiler = require(\"@angular/compiler\");","var config_1 = require(\"../config\");","var ngVersion_1 = require(\"../../util/ngVersion\");","var refId = 0;","var dummyMetadataFactory = function (declaration) {","    if (refId > 1e10) {","        refId = 0;","    }","    return {","        inputs: declaration.inputs || [],","        outputs: declaration.outputs || [],","        hostListeners: declaration.hostListeners || {},","        hostProperties: declaration.hostProperties || {},","        hostAttributes: declaration.hostAttributes || {},","        isSummary: true,","        type: {","            diDeps: [],","            lifecycleHooks: [],","            isHost: false,","            reference: ++refId + '-ref'","        },","        isComponent: false,","        selector: declaration.selector,","        exportAs: declaration.exportAs,","        providers: [],","        viewProviders: [],","        queries: [],","        entryComponents: [],","        changeDetection: 0,","        template: {","            isSummary: true,","            animations: [],","            ngContentSelectors: [],","            encapsulation: 0","        }","    };","};","var Console = (function () {","    function Console() {","    }","    Console.prototype.log = function (message) { };","    Console.prototype.warn = function (message) { };","    return Console;","}());","var defaultDirectives = [];","exports.parseTemplate = function (template, directives) {","    if (directives === void 0) { directives = []; }","    defaultDirectives = directives.map(function (d) { return dummyMetadataFactory(d); });","    var TemplateParser = compiler.TemplateParser;","    var expressionParser = new compiler.Parser(new compiler.Lexer());","    var elementSchemaRegistry = new compiler.DomElementSchemaRegistry();","    var ngConsole = new Console();","    var htmlParser = new compiler.I18NHtmlParser(new compiler.HtmlParser());","    var tmplParser;","    ngVersion_1.SemVerDSL","        .gte('4.0.0-beta.8', function () {","        var config = new compiler.CompilerConfig({});","        tmplParser =","            new TemplateParser(config, expressionParser, elementSchemaRegistry, htmlParser, ngConsole, []);","    })","        .else(function () {","        tmplParser =","            new TemplateParser(expressionParser, elementSchemaRegistry, htmlParser, ngConsole, []);","    });","    var interpolation = config_1.Config.interpolation;","    var summaryKind = (compiler.CompileSummaryKind || {}).Template;","    var templateMetadata = {","        encapsulation: 0,","        template: template,","        templateUrl: '',","        styles: [],","        isInline: true,","        styleUrls: [],","        ngContentSelectors: [],","        animations: [],","        externalStylesheets: [],","        interpolation: interpolation,","        toSummary: function () {","            return {","                isSummary: true,","                animations: this.animations.map(function (anim) { return anim.name; }),","                ngContentSelectors: this.ngContentSelectors,","                encapsulation: this.encapsulation,","                summaryKind: summaryKind","            };","        }","    };","    var type = {","        diDeps: [],","        lifecycleHooks: [],","        reference: null,","        isHost: false,","        name: '',","        prefix: '',","        moduleUrl: '',","        value: '',","        identifier: null","    };","    var result = tmplParser.tryParse(compiler.CompileDirectiveMetadata.create({ type: type, template: templateMetadata }), template, defaultDirectives, [], [core_1.NO_ERRORS_SCHEMA], '').templateAst;","    return result;","};",""],"l":{"2":2,"3":0,"4":0,"5":0,"6":0,"7":0,"8":0,"9":0,"11":0,"40":0,"41":1,"43":0,"44":0,"45":0,"47":0,"48":0,"49":0,"50":0,"51":0,"52":0,"53":0,"54":0,"55":0,"56":0,"57":0,"59":0,"60":0,"64":0,"67":0,"68":0,"69":0,"81":0,"83":0,"90":0,"101":0,"102":0}},"/home/travis/build/npmtest/node-npmtest-codelyzer/node_modules/codelyzer/angular/urlResolvers/pathResolver.js":{"path":"/home/travis/build/npmtest/node-npmtest-codelyzer/node_modules/codelyzer/angular/urlResolvers/pathResolver.js","s":{"1":1,"2":1,"3":1,"4":1,"5":0,"6":0,"7":0,"8":1,"9":1},"b":{"1":[0,0]},"f":{"1":1,"2":0,"3":0},"fnMap":{"1":{"name":"(anonymous_1)","line":3,"loc":{"start":{"line":3,"column":20},"end":{"line":3,"column":32}}},"2":{"name":"PathResolver","line":4,"loc":{"start":{"line":4,"column":4},"end":{"line":4,"column":28}}},"3":{"name":"(anonymous_3)","line":6,"loc":{"start":{"line":6,"column":37},"end":{"line":6,"column":63}}}},"statementMap":{"1":{"start":{"line":2,"column":0},"end":{"line":2,"column":29}},"2":{"start":{"line":3,"column":0},"end":{"line":13,"column":5}},"3":{"start":{"line":4,"column":4},"end":{"line":5,"column":5}},"4":{"start":{"line":6,"column":4},"end":{"line":11,"column":6}},"5":{"start":{"line":7,"column":8},"end":{"line":9,"column":9}},"6":{"start":{"line":8,"column":12},"end":{"line":8,"column":24}},"7":{"start":{"line":10,"column":8},"end":{"line":10,"column":43}},"8":{"start":{"line":12,"column":4},"end":{"line":12,"column":24}},"9":{"start":{"line":14,"column":0},"end":{"line":14,"column":36}}},"branchMap":{"1":{"line":7,"type":"if","locations":[{"start":{"line":7,"column":8},"end":{"line":7,"column":8}},{"start":{"line":7,"column":8},"end":{"line":7,"column":8}}]}},"code":["\"use strict\";","var path_1 = require(\"path\");","var PathResolver = (function () {","    function PathResolver() {","    }","    PathResolver.prototype.resolve = function (path, relative) {","        if (typeof path !== 'string') {","            return null;","        }","        return path_1.join(relative, path);","    };","    return PathResolver;","}());","exports.PathResolver = PathResolver;",""],"l":{"2":1,"3":1,"4":1,"6":1,"7":0,"8":0,"10":0,"12":1,"14":1}}}